{"/Users/santhoshkumarravichandran/Documents/workspace/MobileStore/src/components/Atoms/Heading/Heading.vue": {"path":"/Users/santhoshkumarravichandran/Documents/workspace/MobileStore/src/components/Atoms/Heading/Heading.vue","statementMap":{"0":{"start":{"line":4,"column":0},"end":{"line":6,"column":3}},"1":{"start":{"line":7,"column":0},"end":{"line":7,"column":25}},"2":{"start":{"line":8,"column":15},"end":{"line":26,"column":1}},"3":{"start":{"line":12,"column":6},"end":{"line":12,"column":42}},"4":{"start":{"line":12,"column":22},"end":{"line":12,"column":41}},"5":{"start":{"line":23,"column":6},"end":{"line":23,"column":33}},"6":{"start":{"line":29,"column":0},"end":{"line":29,"column":13}},"7":{"start":{"line":30,"column":0},"end":{"line":30,"column":62}},"8":{"start":{"line":31,"column":0},"end":{"line":31,"column":24}},"9":{"start":{"line":32,"column":12},"end":{"line":32,"column":26}},"10":{"start":{"line":33,"column":17},"end":{"line":33,"column":43}},"11":{"start":{"line":35,"column":4},"end":{"line":35,"column":139}},"12":{"start":{"line":37,"column":0},"end":{"line":37,"column":24}},"13":{"start":{"line":38,"column":1},"end":{"line":38,"column":48}}},"fnMap":{"0":{"name":"(anonymous_0)","decl":{"start":{"line":11,"column":4},"end":{"line":11,"column":5}},"loc":{"start":{"line":11,"column":19},"end":{"line":13,"column":5}},"line":11},"1":{"name":"(anonymous_1)","decl":{"start":{"line":12,"column":13},"end":{"line":12,"column":14}},"loc":{"start":{"line":12,"column":22},"end":{"line":12,"column":41}},"line":12},"2":{"name":"(anonymous_2)","decl":{"start":{"line":22,"column":4},"end":{"line":22,"column":5}},"loc":{"start":{"line":22,"column":26},"end":{"line":24,"column":5}},"line":22},"3":{"name":"render","decl":{"start":{"line":34,"column":9},"end":{"line":34,"column":15}},"loc":{"start":{"line":34,"column":30},"end":{"line":36,"column":1}},"line":34}},"branchMap":{},"s":{"0":1,"1":1,"2":1,"3":0,"4":0,"5":0,"6":1,"7":1,"8":1,"9":1,"10":1,"11":1,"12":1,"13":1},"f":{"0":0,"1":0,"2":0,"3":1},"b":{},"inputSourceMap":{"0":"{","1":"\"","2":"v","3":"e","4":"r","5":"s","6":"i","7":"o","8":"n","9":"\"","10":":","11":"3","12":",","13":"\"","14":"s","15":"o","16":"u","17":"r","18":"c","19":"e","20":"s","21":"\"","22":":","23":"[","24":"\"","25":"/","26":"U","27":"s","28":"e","29":"r","30":"s","31":"/","32":"s","33":"a","34":"n","35":"t","36":"h","37":"o","38":"s","39":"h","40":"k","41":"u","42":"m","43":"a","44":"r","45":"r","46":"a","47":"v","48":"i","49":"c","50":"h","51":"a","52":"n","53":"d","54":"r","55":"a","56":"n","57":"/","58":"D","59":"o","60":"c","61":"u","62":"m","63":"e","64":"n","65":"t","66":"s","67":"/","68":"w","69":"o","70":"r","71":"k","72":"s","73":"p","74":"a","75":"c","76":"e","77":"/","78":"M","79":"o","80":"b","81":"i","82":"l","83":"e","84":"S","85":"t","86":"o","87":"r","88":"e","89":"/","90":"s","91":"r","92":"c","93":"/","94":"c","95":"o","96":"m","97":"p","98":"o","99":"n","100":"e","101":"n","102":"t","103":"s","104":"/","105":"A","106":"t","107":"o","108":"m","109":"s","110":"/","111":"H","112":"e","113":"a","114":"d","115":"i","116":"n","117":"g","118":"/","119":"H","120":"e","121":"a","122":"d","123":"i","124":"n","125":"g","126":".","127":"v","128":"u","129":"e","130":"\"","131":"]","132":",","133":"\"","134":"n","135":"a","136":"m","137":"e","138":"s","139":"\"","140":":","141":"[","142":"]","143":",","144":"\"","145":"m","146":"a","147":"p","148":"p","149":"i","150":"n","151":"g","152":"s","153":"\"","154":":","155":"\"","156":";","157":";","158":";","159":";","160":";","161":";","162":";","163":"e","164":"A","165":"O","166":"e","167":";","168":"E","169":"A","170":"C","171":"b","172":",","173":"I","174":"A","175":"A","176":"I","177":",","178":"E","179":"A","180":"A","181":"E","182":",","183":"S","184":"A","185":"A","186":"S","187":";","188":"E","189":"A","190":"C","191":"f","192":",","193":"Q","194":"A","195":"A","196":"Q","197":",","198":"E","199":"A","200":"A","201":"E","202":";","203":"I","204":"A","205":"C","206":"R","207":",","208":"Y","209":"A","210":"A","211":"Y","212":",","213":"G","214":"A","215":"A","216":"I","217":";","218":"M","219":"A","220":"C","221":"d","222":",","223":"O","224":"A","225":"A","226":"Q","227":",","228":"K","229":"A","230":"A","231":"K","232":",","233":"I","234":"A","235":"A","236":"K","237":",","238":"K","239":"A","240":"A","241":"K","242":",","243":"C","244":"A","245":"A","246":"C","247":",","248":"W","249":"A","250":"A","251":"W","252":",","253":"E","254":"A","255":"A","256":"E","257":";","258":"I","259":"A","260":"C","261":"v","262":"C","263":";","264":"E","265":"A","266":"C","267":"F","268":",","269":"C","270":"A","271":"A","272":"C","273":";","274":"E","275":"A","276":"C","277":"D","278":",","279":"K","280":"A","281":"A","282":"K","283":",","284":"E","285":"A","286":"A","287":"E","288":";","289":"I","290":"A","291":"C","292":"L","293":",","294":"K","295":"A","296":"A","297":"K","298":",","299":"E","300":"A","301":"A","302":"E","303":";","304":"M","305":"A","306":"C","307":"L","308":",","309":"I","310":"A","311":"A","312":"I","313":",","314":"E","315":"A","316":"A","317":"E","318":",","319":"M","320":"A","321":"A","322":"M","323":";","324":"M","325":"A","326":"C","327":"Z","328":",","329":"Q","330":"A","331":"A","332":"Q","333":",","334":"E","335":"A","336":"A","337":"E","338":";","339":"I","340":"A","341":"C","342":"Z","343":";","344":"E","345":"A","346":"C","347":"F","348":",","349":"C","350":"A","351":"A","352":"C","353":";","354":"E","355":"A","356":"C","357":"D","358":",","359":"O","360":"A","361":"A","362":"O","363":",","364":"E","365":"A","366":"A","367":"E","368":";","369":"I","370":"A","371":"C","372":"P","373":",","374":"c","375":"A","376":"A","377":"c","378":",","379":"C","380":"A","381":"A","382":"E","383":",","384":"K","385":"A","386":"A","387":"K","388":",","389":"E","390":"A","391":"A","392":"E","393":";","394":"M","395":"A","396":"C","397":"r","398":"B","399":",","400":"O","401":"A","402":"A","403":"O","404":",","405":"K","406":"A","407":"A","408":"K","409":",","410":"C","411":"A","412":"A","413":"C","414":",","415":"W","416":"A","417":"A","418":"W","419":",","420":"E","421":"A","422":"A","423":"E","424":";","425":"I","426":"A","427":"C","428":"5","429":"B","430":";","431":"E","432":"A","433":"C","434":"F","435":";","436":"A","437":"A","438":"C","439":"F","440":",","441":"C","442":"A","443":"A","444":"C","445":";","446":"A","447":"A","448":"A","449":"A","450":";","451":"A","452":"A","453":"A","454":"A","455":"\"","456":",","457":"\"","458":"f","459":"i","460":"l","461":"e","462":"\"","463":":","464":"\"","465":"/","466":"U","467":"s","468":"e","469":"r","470":"s","471":"/","472":"s","473":"a","474":"n","475":"t","476":"h","477":"o","478":"s","479":"h","480":"k","481":"u","482":"m","483":"a","484":"r","485":"r","486":"a","487":"v","488":"i","489":"c","490":"h","491":"a","492":"n","493":"d","494":"r","495":"a","496":"n","497":"/","498":"D","499":"o","500":"c","501":"u","502":"m","503":"e","504":"n","505":"t","506":"s","507":"/","508":"w","509":"o","510":"r","511":"k","512":"s","513":"p","514":"a","515":"c","516":"e","517":"/","518":"M","519":"o","520":"b","521":"i","522":"l","523":"e","524":"S","525":"t","526":"o","527":"r","528":"e","529":"/","530":"s","531":"r","532":"c","533":"/","534":"c","535":"o","536":"m","537":"p","538":"o","539":"n","540":"e","541":"n","542":"t","543":"s","544":"/","545":"A","546":"t","547":"o","548":"m","549":"s","550":"/","551":"H","552":"e","553":"a","554":"d","555":"i","556":"n","557":"g","558":"/","559":"H","560":"e","561":"a","562":"d","563":"i","564":"n","565":"g","566":".","567":"v","568":"u","569":"e","570":"\"","571":",","572":"\"","573":"s","574":"o","575":"u","576":"r","577":"c","578":"e","579":"s","580":"C","581":"o","582":"n","583":"t","584":"e","585":"n","586":"t","587":"\"","588":":","589":"[","590":"\"","591":"<","592":"t","593":"e","594":"m","595":"p","596":"l","597":"a","598":"t","599":"e","600":">","601":"\\","602":"n","603":" ","604":" ","605":" ","606":" ","607":"<","608":"h","609":"1","610":" ","611":"c","612":"l","613":"a","614":"s","615":"s","616":"=","617":"\\","618":"\"","619":"C","620":"u","621":"s","622":"t","623":"o","624":"m","625":"H","626":"e","627":"a","628":"d","629":"i","630":"n","631":"g","632":"\\","633":"\"","634":">","635":"\\","636":"n","637":" ","638":" ","639":" ","640":" ","641":" ","642":" ","643":" ","644":" ","645":"{","646":"{","647":"t","648":"i","649":"t","650":"l","651":"e","652":"}","653":"}","654":"\\","655":"n","656":" ","657":" ","658":" ","659":" ","660":"<","661":"/","662":"h","663":"1","664":">","665":"\\","666":"n","667":"<","668":"/","669":"t","670":"e","671":"m","672":"p","673":"l","674":"a","675":"t","676":"e","677":">","678":"\\","679":"n","680":"\\","681":"n","682":"<","683":"s","684":"c","685":"r","686":"i","687":"p","688":"t","689":">","690":"\\","691":"n","692":"e","693":"x","694":"p","695":"o","696":"r","697":"t","698":" ","699":"d","700":"e","701":"f","702":"a","703":"u","704":"l","705":"t","706":" ","707":"{","708":"\\","709":"n","710":" ","711":" ","712":"n","713":"a","714":"m","715":"e","716":":","717":" ","718":"'","719":"H","720":"e","721":"a","722":"d","723":"i","724":"n","725":"g","726":"'","727":",","728":"\\","729":"n","730":" ","731":" ","732":"c","733":"o","734":"m","735":"p","736":"u","737":"t","738":"e","739":"d","740":":","741":" ","742":"{","743":"\\","744":"n","745":" ","746":" ","747":" ","748":" ","749":"t","750":"r","751":"a","752":"n","753":"f","754":"o","755":"r","756":"m","757":"C","758":"a","759":"s","760":"e","761":" ","762":"(","763":")","764":" ","765":"{","766":"\\","767":"n","768":" ","769":" ","770":" ","771":" ","772":" ","773":" ","774":"r","775":"e","776":"t","777":"u","778":"r","779":"n","780":" ","781":"(","782":"i","783":"n","784":"p","785":"u","786":"t","787":")","788":" ","789":"=","790":">","791":" ","792":"i","793":"n","794":"p","795":"u","796":"t","797":".","798":"t","799":"o","800":"U","801":"p","802":"p","803":"e","804":"r","805":"C","806":"a","807":"s","808":"e","809":"(","810":")","811":"\\","812":"n","813":" ","814":" ","815":" ","816":" ","817":"}","818":"\\","819":"n","820":" ","821":" ","822":"}","823":",","824":"\\","825":"n","826":" ","827":" ","828":"p","829":"r","830":"o","831":"p","832":"s","833":":","834":" ","835":"{","836":"\\","837":"n","838":" ","839":" ","840":" ","841":" ","842":"t","843":"i","844":"t","845":"l","846":"e","847":":","848":" ","849":"{","850":"\\","851":"n","852":" ","853":" ","854":" ","855":" ","856":" ","857":" ","858":"t","859":"y","860":"p","861":"e","862":":","863":" ","864":"S","865":"t","866":"r","867":"i","868":"n","869":"g","870":",","871":"\\","872":"n","873":" ","874":" ","875":" ","876":" ","877":" ","878":" ","879":"r","880":"e","881":"q","882":"u","883":"i","884":"r","885":"e","886":"d","887":":","888":" ","889":"t","890":"r","891":"u","892":"e","893":"\\","894":"n","895":" ","896":" ","897":" ","898":" ","899":"}","900":"\\","901":"n","902":" ","903":" ","904":"}","905":",","906":"\\","907":"n","908":" ","909":" ","910":"f","911":"i","912":"l","913":"t","914":"e","915":"r","916":"s","917":":","918":" ","919":"{","920":"\\","921":"n","922":" ","923":" ","924":" ","925":" ","926":"t","927":"r","928":"a","929":"n","930":"f","931":"o","932":"r","933":"m","934":"T","935":"o","936":"C","937":"a","938":"p","939":"s","940":" ","941":"(","942":"t","943":"i","944":"t","945":"l","946":"e","947":")","948":" ","949":"{","950":"\\","951":"n","952":" ","953":" ","954":" ","955":" ","956":" ","957":" ","958":"r","959":"e","960":"t","961":"u","962":"r","963":"n","964":" ","965":"t","966":"i","967":"t","968":"l","969":"e","970":".","971":"t","972":"o","973":"U","974":"p","975":"p","976":"e","977":"r","978":"C","979":"a","980":"s","981":"e","982":"(","983":")","984":"\\","985":"n","986":" ","987":" ","988":" ","989":" ","990":"}","991":"\\","992":"n","993":" ","994":" ","995":"}","996":"\\","997":"n","998":"}","999":"\\","1000":"n","1001":"<","1002":"/","1003":"s","1004":"c","1005":"r","1006":"i","1007":"p","1008":"t","1009":">","1010":"\\","1011":"n","1012":"<","1013":"s","1014":"t","1015":"y","1016":"l","1017":"e","1018":" ","1019":"s","1020":"c","1021":"o","1022":"p","1023":"e","1024":"d","1025":">","1026":"\\","1027":"n","1028":".","1029":"C","1030":"u","1031":"s","1032":"t","1033":"o","1034":"m","1035":"H","1036":"e","1037":"a","1038":"d","1039":"i","1040":"n","1041":"g","1042":" ","1043":"{","1044":"\\","1045":"n","1046":" ","1047":" ","1048":"t","1049":"e","1050":"x","1051":"t","1052":"-","1053":"a","1054":"l","1055":"i","1056":"g","1057":"n","1058":":","1059":" ","1060":"l","1061":"e","1062":"f","1063":"t","1064":";","1065":"\\","1066":"n","1067":" ","1068":" ","1069":"f","1070":"o","1071":"n","1072":"t","1073":"-","1074":"w","1075":"e","1076":"i","1077":"g","1078":"h","1079":"t","1080":":","1081":" ","1082":"b","1083":"o","1084":"l","1085":"d","1086":";","1087":"\\","1088":"n","1089":" ","1090":" ","1091":"c","1092":"o","1093":"l","1094":"o","1095":"r","1096":":","1097":" ","1098":"#","1099":"0","1100":"9","1101":"0","1102":"\\","1103":"n","1104":"}","1105":"\\","1106":"n","1107":"\\","1108":"n","1109":"<","1110":"/","1111":"s","1112":"t","1113":"y","1114":"l","1115":"e","1116":">","1117":"\\","1118":"n","1119":"\"","1120":"]","1121":"}"},"_coverageSchema":"1a1c01bbd47fc00a2c39e90264f33305004495a9","hash":"93107b84d0b9bef762b4b0889790243c4e4495fb"}
,"/Users/santhoshkumarravichandran/Documents/workspace/MobileStore/src/components/Atoms/Notification/Notification.vue": {"path":"/Users/santhoshkumarravichandran/Documents/workspace/MobileStore/src/components/Atoms/Notification/Notification.vue","statementMap":{"0":{"start":{"line":4,"column":0},"end":{"line":6,"column":3}},"1":{"start":{"line":7,"column":0},"end":{"line":7,"column":25}},"2":{"start":{"line":8,"column":15},"end":{"line":20,"column":1}},"3":{"start":{"line":12,"column":6},"end":{"line":12,"column":42}},"4":{"start":{"line":12,"column":22},"end":{"line":12,"column":41}},"5":{"start":{"line":17,"column":6},"end":{"line":17,"column":33}},"6":{"start":{"line":23,"column":0},"end":{"line":23,"column":13}},"7":{"start":{"line":24,"column":0},"end":{"line":24,"column":62}},"8":{"start":{"line":25,"column":0},"end":{"line":25,"column":24}},"9":{"start":{"line":26,"column":12},"end":{"line":26,"column":26}},"10":{"start":{"line":27,"column":17},"end":{"line":27,"column":42}},"11":{"start":{"line":29,"column":4},"end":{"line":29,"column":242}},"12":{"start":{"line":31,"column":0},"end":{"line":31,"column":24}},"13":{"start":{"line":32,"column":1},"end":{"line":32,"column":48}}},"fnMap":{"0":{"name":"(anonymous_0)","decl":{"start":{"line":11,"column":4},"end":{"line":11,"column":5}},"loc":{"start":{"line":11,"column":19},"end":{"line":13,"column":5}},"line":11},"1":{"name":"(anonymous_1)","decl":{"start":{"line":12,"column":13},"end":{"line":12,"column":14}},"loc":{"start":{"line":12,"column":22},"end":{"line":12,"column":41}},"line":12},"2":{"name":"(anonymous_2)","decl":{"start":{"line":16,"column":4},"end":{"line":16,"column":5}},"loc":{"start":{"line":16,"column":26},"end":{"line":18,"column":5}},"line":16},"3":{"name":"render","decl":{"start":{"line":28,"column":9},"end":{"line":28,"column":15}},"loc":{"start":{"line":28,"column":30},"end":{"line":30,"column":1}},"line":28}},"branchMap":{},"s":{"0":1,"1":1,"2":1,"3":0,"4":0,"5":0,"6":1,"7":1,"8":1,"9":1,"10":1,"11":1,"12":1,"13":1},"f":{"0":0,"1":0,"2":0,"3":1},"b":{},"inputSourceMap":{"0":"{","1":"\"","2":"v","3":"e","4":"r","5":"s","6":"i","7":"o","8":"n","9":"\"","10":":","11":"3","12":",","13":"\"","14":"s","15":"o","16":"u","17":"r","18":"c","19":"e","20":"s","21":"\"","22":":","23":"[","24":"\"","25":"/","26":"U","27":"s","28":"e","29":"r","30":"s","31":"/","32":"s","33":"a","34":"n","35":"t","36":"h","37":"o","38":"s","39":"h","40":"k","41":"u","42":"m","43":"a","44":"r","45":"r","46":"a","47":"v","48":"i","49":"c","50":"h","51":"a","52":"n","53":"d","54":"r","55":"a","56":"n","57":"/","58":"D","59":"o","60":"c","61":"u","62":"m","63":"e","64":"n","65":"t","66":"s","67":"/","68":"w","69":"o","70":"r","71":"k","72":"s","73":"p","74":"a","75":"c","76":"e","77":"/","78":"M","79":"o","80":"b","81":"i","82":"l","83":"e","84":"S","85":"t","86":"o","87":"r","88":"e","89":"/","90":"s","91":"r","92":"c","93":"/","94":"c","95":"o","96":"m","97":"p","98":"o","99":"n","100":"e","101":"n","102":"t","103":"s","104":"/","105":"A","106":"t","107":"o","108":"m","109":"s","110":"/","111":"N","112":"o","113":"t","114":"i","115":"f","116":"i","117":"c","118":"a","119":"t","120":"i","121":"o","122":"n","123":"/","124":"N","125":"o","126":"t","127":"i","128":"f","129":"i","130":"c","131":"a","132":"t","133":"i","134":"o","135":"n","136":".","137":"v","138":"u","139":"e","140":"\"","141":"]","142":",","143":"\"","144":"n","145":"a","146":"m","147":"e","148":"s","149":"\"","150":":","151":"[","152":"]","153":",","154":"\"","155":"m","156":"a","157":"p","158":"p","159":"i","160":"n","161":"g","162":"s","163":"\"","164":":","165":"\"","166":";","167":";","168":";","169":";","170":";","171":";","172":";","173":"e","174":"A","175":"O","176":"e","177":";","178":"E","179":"A","180":"C","181":"b","182":",","183":"I","184":"A","185":"A","186":"I","187":",","188":"E","189":"A","190":"A","191":"E","192":",","193":"c","194":"A","195":"A","196":"c","197":";","198":"E","199":"A","200":"C","201":"p","202":"B","203":",","204":"Q","205":"A","206":"A","207":"Q","208":",","209":"E","210":"A","211":"A","212":"E","213":";","214":"I","215":"A","216":"C","217":"R","218":",","219":"Y","220":"A","221":"A","222":"Y","223":",","224":"G","225":"A","226":"A","227":"I","228":";","229":"M","230":"A","231":"C","232":"d","233":",","234":"O","235":"A","236":"A","237":"Q","238":",","239":"K","240":"A","241":"A","242":"K","243":",","244":"I","245":"A","246":"A","247":"K","248":",","249":"K","250":"A","251":"A","252":"K","253":",","254":"C","255":"A","256":"A","257":"C","258":",","259":"W","260":"A","261":"A","262":"W","263":",","264":"E","265":"A","266":"A","267":"E","268":";","269":"I","270":"A","271":"C","272":"v","273":"C","274":";","275":"E","276":"A","277":"C","278":"F","279":",","280":"C","281":"A","282":"A","283":"C","284":";","285":"E","286":"A","287":"C","288":"D","289":",","290":"O","291":"A","292":"A","293":"O","294":",","295":"E","296":"A","297":"A","298":"E","299":";","300":"I","301":"A","302":"C","303":"P","304":",","305":"c","306":"A","307":"A","308":"c","309":",","310":"C","311":"A","312":"A","313":"E","314":",","315":"K","316":"A","317":"A","318":"K","319":",","320":"E","321":"A","322":"A","323":"E","324":";","325":"M","326":"A","327":"C","328":"r","329":"B","330":",","331":"O","332":"A","333":"A","334":"O","335":",","336":"K","337":"A","338":"A","339":"K","340":",","341":"C","342":"A","343":"A","344":"C","345":",","346":"W","347":"A","348":"A","349":"W","350":",","351":"E","352":"A","353":"A","354":"E","355":";","356":"I","357":"A","358":"C","359":"5","360":"B","361":";","362":"E","363":"A","364":"C","365":"F","366":";","367":"A","368":"A","369":"C","370":"F","371":",","372":"C","373":"A","374":"A","375":"C","376":";","377":"A","378":"A","379":"A","380":"A","381":";","382":"A","383":"A","384":"A","385":"A","386":"\"","387":",","388":"\"","389":"f","390":"i","391":"l","392":"e","393":"\"","394":":","395":"\"","396":"/","397":"U","398":"s","399":"e","400":"r","401":"s","402":"/","403":"s","404":"a","405":"n","406":"t","407":"h","408":"o","409":"s","410":"h","411":"k","412":"u","413":"m","414":"a","415":"r","416":"r","417":"a","418":"v","419":"i","420":"c","421":"h","422":"a","423":"n","424":"d","425":"r","426":"a","427":"n","428":"/","429":"D","430":"o","431":"c","432":"u","433":"m","434":"e","435":"n","436":"t","437":"s","438":"/","439":"w","440":"o","441":"r","442":"k","443":"s","444":"p","445":"a","446":"c","447":"e","448":"/","449":"M","450":"o","451":"b","452":"i","453":"l","454":"e","455":"S","456":"t","457":"o","458":"r","459":"e","460":"/","461":"s","462":"r","463":"c","464":"/","465":"c","466":"o","467":"m","468":"p","469":"o","470":"n","471":"e","472":"n","473":"t","474":"s","475":"/","476":"A","477":"t","478":"o","479":"m","480":"s","481":"/","482":"N","483":"o","484":"t","485":"i","486":"f","487":"i","488":"c","489":"a","490":"t","491":"i","492":"o","493":"n","494":"/","495":"N","496":"o","497":"t","498":"i","499":"f","500":"i","501":"c","502":"a","503":"t","504":"i","505":"o","506":"n","507":".","508":"v","509":"u","510":"e","511":"\"","512":",","513":"\"","514":"s","515":"o","516":"u","517":"r","518":"c","519":"e","520":"s","521":"C","522":"o","523":"n","524":"t","525":"e","526":"n","527":"t","528":"\"","529":":","530":"[","531":"\"","532":"<","533":"t","534":"e","535":"m","536":"p","537":"l","538":"a","539":"t","540":"e","541":">","542":"\\","543":"n","544":" ","545":" ","546":" ","547":" ","548":"<","549":"d","550":"i","551":"v","552":" ","553":"c","554":"l","555":"a","556":"s","557":"s","558":"=","559":"\\","560":"\"","561":"n","562":"o","563":"t","564":"i","565":"f","566":"i","567":"c","568":"a","569":"t","570":"i","571":"o","572":"n","573":"\\","574":"\"","575":">","576":"\\","577":"n","578":" ","579":" ","580":" ","581":" ","582":" ","583":" ","584":" ","585":" ","586":"E","587":"x","588":"t","589":"e","590":"n","591":"d","592":"e","593":"d","594":" ","595":"d","596":"u","597":"e","598":" ","599":"t","600":"o","601":" ","602":"s","603":"u","604":"c","605":"c","606":"e","607":"s","608":"s","609":"!","610":" ","611":"B","612":"l","613":"a","614":"c","615":"k","616":" ","617":"F","618":"r","619":"i","620":"d","621":"a","622":"y","623":" ","624":":","625":" ","626":"€","627":"2","628":".","629":"5","630":"0","631":" ","632":"d","633":"i","634":"s","635":"c","636":"o","637":"u","638":"n","639":"t","640":" ","641":"o","642":"n","643":" ","644":"U","645":"n","646":"l","647":"i","648":"m","649":"i","650":"t","651":"e","652":"d","653":" ","654":"D","655":"a","656":"t","657":"a","658":" ","659":"o","660":"r","661":" ","662":"1","663":"0","664":" ","665":"G","666":"B","667":" ","668":"+","669":" ","670":"2","671":" ","672":"G","673":"B","674":" ","675":"f","676":"r","677":"e","678":"e","679":"!","680":" ","681":"W","682":"i","683":"t","684":"h","685":" ","686":"d","687":"e","688":"v","689":"i","690":"c","691":"e","692":" ","693":"o","694":"r","695":" ","696":"S","697":"i","698":"m","699":" ","700":"O","701":"n","702":"l","703":"y","704":" ","705":".","706":" ","707":"N","708":"o","709":"w","710":" ","711":"w","712":"i","713":"t","714":"h","715":"o","716":"u","717":"t","718":" ","719":"c","720":"o","721":"n","722":"n","723":"e","724":"c","725":"t","726":"i","727":"o","728":"n","729":" ","730":"c","731":"o","732":"s","733":"t","734":"s","735":"!","736":"\\","737":"n","738":" ","739":" ","740":" ","741":" ","742":"<","743":"/","744":"d","745":"i","746":"v","747":">","748":"\\","749":"n","750":"<","751":"/","752":"t","753":"e","754":"m","755":"p","756":"l","757":"a","758":"t","759":"e","760":">","761":"\\","762":"n","763":"\\","764":"n","765":"<","766":"s","767":"c","768":"r","769":"i","770":"p","771":"t","772":">","773":"\\","774":"n","775":"e","776":"x","777":"p","778":"o","779":"r","780":"t","781":" ","782":"d","783":"e","784":"f","785":"a","786":"u","787":"l","788":"t","789":" ","790":"{","791":"\\","792":"n","793":" ","794":" ","795":"n","796":"a","797":"m","798":"e","799":":","800":" ","801":"'","802":"N","803":"o","804":"t","805":"i","806":"f","807":"i","808":"c","809":"a","810":"t","811":"i","812":"o","813":"n","814":"'","815":",","816":"\\","817":"n","818":" ","819":" ","820":"c","821":"o","822":"m","823":"p","824":"u","825":"t","826":"e","827":"d","828":":","829":" ","830":"{","831":"\\","832":"n","833":" ","834":" ","835":" ","836":" ","837":"t","838":"r","839":"a","840":"n","841":"f","842":"o","843":"r","844":"m","845":"C","846":"a","847":"s","848":"e","849":" ","850":"(","851":")","852":" ","853":"{","854":"\\","855":"n","856":" ","857":" ","858":" ","859":" ","860":" ","861":" ","862":"r","863":"e","864":"t","865":"u","866":"r","867":"n","868":" ","869":"(","870":"i","871":"n","872":"p","873":"u","874":"t","875":")","876":" ","877":"=","878":">","879":" ","880":"i","881":"n","882":"p","883":"u","884":"t","885":".","886":"t","887":"o","888":"U","889":"p","890":"p","891":"e","892":"r","893":"C","894":"a","895":"s","896":"e","897":"(","898":")","899":"\\","900":"n","901":" ","902":" ","903":" ","904":" ","905":"}","906":"\\","907":"n","908":" ","909":" ","910":"}","911":",","912":"\\","913":"n","914":" ","915":" ","916":"f","917":"i","918":"l","919":"t","920":"e","921":"r","922":"s","923":":","924":" ","925":"{","926":"\\","927":"n","928":" ","929":" ","930":" ","931":" ","932":"t","933":"r","934":"a","935":"n","936":"f","937":"o","938":"r","939":"m","940":"T","941":"o","942":"C","943":"a","944":"p","945":"s","946":" ","947":"(","948":"t","949":"i","950":"t","951":"l","952":"e","953":")","954":" ","955":"{","956":"\\","957":"n","958":" ","959":" ","960":" ","961":" ","962":" ","963":" ","964":"r","965":"e","966":"t","967":"u","968":"r","969":"n","970":" ","971":"t","972":"i","973":"t","974":"l","975":"e","976":".","977":"t","978":"o","979":"U","980":"p","981":"p","982":"e","983":"r","984":"C","985":"a","986":"s","987":"e","988":"(","989":")","990":"\\","991":"n","992":" ","993":" ","994":" ","995":" ","996":"}","997":"\\","998":"n","999":" ","1000":" ","1001":"}","1002":"\\","1003":"n","1004":"}","1005":"\\","1006":"n","1007":"<","1008":"/","1009":"s","1010":"c","1011":"r","1012":"i","1013":"p","1014":"t","1015":">","1016":"\\","1017":"n","1018":"<","1019":"s","1020":"t","1021":"y","1022":"l","1023":"e","1024":" ","1025":"s","1026":"c","1027":"o","1028":"p","1029":"e","1030":"d","1031":">","1032":"\\","1033":"n","1034":".","1035":"n","1036":"o","1037":"t","1038":"i","1039":"f","1040":"i","1041":"c","1042":"a","1043":"t","1044":"i","1045":"o","1046":"n","1047":" ","1048":"{","1049":"\\","1050":"n","1051":" ","1052":" ","1053":"b","1054":"o","1055":"r","1056":"d","1057":"e","1058":"r","1059":"-","1060":"t","1061":"o","1062":"p","1063":":","1064":" ","1065":"4","1066":"p","1067":"x","1068":" ","1069":"s","1070":"o","1071":"l","1072":"i","1073":"d","1074":" ","1075":"#","1076":"0","1077":"9","1078":"0","1079":";","1080":"\\","1081":"n","1082":" ","1083":" ","1084":"b","1085":"a","1086":"c","1087":"k","1088":"g","1089":"r","1090":"o","1091":"u","1092":"n","1093":"d","1094":":","1095":" ","1096":"#","1097":"0","1098":"9","1099":"0","1100":" ","1101":";","1102":"\\","1103":"n","1104":" ","1105":" ","1106":"b","1107":"o","1108":"r","1109":"d","1110":"e","1111":"r","1112":"-","1113":"r","1114":"a","1115":"d","1116":"i","1117":"u","1118":"s","1119":":","1120":" ","1121":"1","1122":"2","1123":"p","1124":"x","1125":";","1126":"\\","1127":"n","1128":" ","1129":" ","1130":"b","1131":"o","1132":"x","1133":"-","1134":"s","1135":"i","1136":"z","1137":"i","1138":"n","1139":"g","1140":":","1141":" ","1142":"b","1143":"o","1144":"r","1145":"d","1146":"e","1147":"r","1148":"-","1149":"b","1150":"o","1151":"x","1152":";","1153":"\\","1154":"n","1155":" ","1156":" ","1157":"p","1158":"a","1159":"d","1160":"d","1161":"i","1162":"n","1163":"g","1164":":","1165":" ","1166":"1","1167":"0","1168":"p","1169":"x","1170":";","1171":"\\","1172":"n","1173":" ","1174":" ","1175":"p","1176":"o","1177":"s","1178":"i","1179":"t","1180":"i","1181":"o","1182":"n","1183":":","1184":" ","1185":"s","1186":"t","1187":"i","1188":"c","1189":"k","1190":"y","1191":";","1192":"\\","1193":"n","1194":" ","1195":" ","1196":"t","1197":"o","1198":"p","1199":":","1200":" ","1201":"1","1202":"0","1203":"0","1204":"p","1205":"x","1206":";","1207":"\\","1208":"n","1209":" ","1210":" ","1211":"h","1212":"e","1213":"i","1214":"g","1215":"h","1216":"t","1217":":","1218":" ","1219":"6","1220":"0","1221":"p","1222":"x","1223":";","1224":"\\","1225":"n","1226":" ","1227":" ","1228":"z","1229":"-","1230":"i","1231":"n","1232":"d","1233":"e","1234":"x","1235":":","1236":"2","1237":";","1238":"\\","1239":"n","1240":" ","1241":" ","1242":"c","1243":"o","1244":"l","1245":"o","1246":"r","1247":":","1248":" ","1249":"b","1250":"l","1251":"a","1252":"c","1253":"k","1254":";","1255":"\\","1256":"n","1257":"}","1258":"\\","1259":"n","1260":"\\","1261":"n","1262":"@","1263":"m","1264":"e","1265":"d","1266":"i","1267":"a","1268":" ","1269":"s","1270":"c","1271":"r","1272":"e","1273":"e","1274":"n","1275":" ","1276":"a","1277":"n","1278":"d","1279":" ","1280":"(","1281":"m","1282":"a","1283":"x","1284":"-","1285":"w","1286":"i","1287":"d","1288":"t","1289":"h","1290":":","1291":" ","1292":"6","1293":"4","1294":"1","1295":"p","1296":"x","1297":")","1298":" ","1299":"{","1300":"\\","1301":"n","1302":".","1303":"n","1304":"o","1305":"t","1306":"i","1307":"f","1308":"i","1309":"c","1310":"a","1311":"t","1312":"i","1313":"o","1314":"n","1315":" ","1316":"{","1317":"\\","1318":"n","1319":" ","1320":" ","1321":"h","1322":"e","1323":"i","1324":"g","1325":"h","1326":"t","1327":":","1328":" ","1329":"1","1330":"2","1331":"0","1332":"p","1333":"x","1334":";","1335":"\\","1336":"n","1337":"}","1338":"\\","1339":"n","1340":"}","1341":"\\","1342":"n","1343":"<","1344":"/","1345":"s","1346":"t","1347":"y","1348":"l","1349":"e","1350":">","1351":"\\","1352":"n","1353":"\"","1354":"]","1355":"}"},"_coverageSchema":"1a1c01bbd47fc00a2c39e90264f33305004495a9","hash":"d93db7667ec90f32a4b5f6dcdb9efbd6322f1d34"}
,"/Users/santhoshkumarravichandran/Documents/workspace/MobileStore/src/components/Molecules/CustomFilter/CustomFilter.vue": {"path":"/Users/santhoshkumarravichandran/Documents/workspace/MobileStore/src/components/Molecules/CustomFilter/CustomFilter.vue","statementMap":{"0":{"start":{"line":4,"column":0},"end":{"line":6,"column":3}},"1":{"start":{"line":7,"column":0},"end":{"line":7,"column":25}},"2":{"start":{"line":8,"column":15},"end":{"line":41,"column":1}},"3":{"start":{"line":13,"column":21},"end":{"line":13,"column":23}},"4":{"start":{"line":25,"column":4},"end":{"line":27,"column":6}},"5":{"start":{"line":35,"column":6},"end":{"line":35,"column":74}},"6":{"start":{"line":36,"column":6},"end":{"line":36,"column":57}},"7":{"start":{"line":38,"column":6},"end":{"line":38,"column":36}},"8":{"start":{"line":44,"column":0},"end":{"line":44,"column":13}},"9":{"start":{"line":45,"column":0},"end":{"line":45,"column":62}},"10":{"start":{"line":46,"column":0},"end":{"line":46,"column":24}},"11":{"start":{"line":47,"column":12},"end":{"line":47,"column":26}},"12":{"start":{"line":48,"column":17},"end":{"line":48,"column":38}},"13":{"start":{"line":49,"column":17},"end":{"line":49,"column":37}},"14":{"start":{"line":50,"column":17},"end":{"line":50,"column":46}},"15":{"start":{"line":51,"column":17},"end":{"line":51,"column":37}},"16":{"start":{"line":53,"column":4},"end":{"line":64,"column":8}},"17":{"start":{"line":57,"column":16},"end":{"line":61,"column":89}},"18":{"start":{"line":58,"column":49},"end":{"line":58,"column":93}},"19":{"start":{"line":66,"column":0},"end":{"line":66,"column":24}},"20":{"start":{"line":67,"column":1},"end":{"line":67,"column":48}}},"fnMap":{"0":{"name":"(anonymous_0)","decl":{"start":{"line":13,"column":15},"end":{"line":13,"column":16}},"loc":{"start":{"line":13,"column":21},"end":{"line":13,"column":23}},"line":13},"1":{"name":"(anonymous_1)","decl":{"start":{"line":24,"column":2},"end":{"line":24,"column":3}},"loc":{"start":{"line":24,"column":9},"end":{"line":28,"column":3}},"line":24},"2":{"name":"(anonymous_2)","decl":{"start":{"line":33,"column":27},"end":{"line":33,"column":28}},"loc":{"start":{"line":33,"column":50},"end":{"line":39,"column":5}},"line":33},"3":{"name":"render","decl":{"start":{"line":52,"column":9},"end":{"line":52,"column":15}},"loc":{"start":{"line":52,"column":30},"end":{"line":65,"column":1}},"line":52},"4":{"name":"(anonymous_4)","decl":{"start":{"line":56,"column":135},"end":{"line":56,"column":136}},"loc":{"start":{"line":56,"column":153},"end":{"line":62,"column":13}},"line":56},"5":{"name":"(anonymous_5)","decl":{"start":{"line":58,"column":29},"end":{"line":58,"column":30}},"loc":{"start":{"line":58,"column":47},"end":{"line":58,"column":95}},"line":58}},"branchMap":{"0":{"loc":{"start":{"line":33,"column":37},"end":{"line":33,"column":48}},"type":"default-arg","locations":[{"start":{"line":33,"column":46},"end":{"line":33,"column":48}}],"line":33},"1":{"loc":{"start":{"line":35,"column":15},"end":{"line":35,"column":73}},"type":"cond-expr","locations":[{"start":{"line":35,"column":34},"end":{"line":35,"column":38}},{"start":{"line":35,"column":41},"end":{"line":35,"column":73}}],"line":35},"2":{"loc":{"start":{"line":35,"column":41},"end":{"line":35,"column":73}},"type":"cond-expr","locations":[{"start":{"line":35,"column":59},"end":{"line":35,"column":64}},{"start":{"line":35,"column":67},"end":{"line":35,"column":73}}],"line":35}},"s":{"0":1,"1":1,"2":1,"3":1,"4":2,"5":0,"6":0,"7":0,"8":1,"9":1,"10":1,"11":1,"12":1,"13":1,"14":1,"15":1,"16":2,"17":2,"18":0,"19":1,"20":1},"f":{"0":1,"1":2,"2":0,"3":2,"4":2,"5":0},"b":{"0":[0],"1":[0,0],"2":[0,0]},"inputSourceMap":{"0":"{","1":"\"","2":"v","3":"e","4":"r","5":"s","6":"i","7":"o","8":"n","9":"\"","10":":","11":"3","12":",","13":"\"","14":"s","15":"o","16":"u","17":"r","18":"c","19":"e","20":"s","21":"\"","22":":","23":"[","24":"\"","25":"/","26":"U","27":"s","28":"e","29":"r","30":"s","31":"/","32":"s","33":"a","34":"n","35":"t","36":"h","37":"o","38":"s","39":"h","40":"k","41":"u","42":"m","43":"a","44":"r","45":"r","46":"a","47":"v","48":"i","49":"c","50":"h","51":"a","52":"n","53":"d","54":"r","55":"a","56":"n","57":"/","58":"D","59":"o","60":"c","61":"u","62":"m","63":"e","64":"n","65":"t","66":"s","67":"/","68":"w","69":"o","70":"r","71":"k","72":"s","73":"p","74":"a","75":"c","76":"e","77":"/","78":"M","79":"o","80":"b","81":"i","82":"l","83":"e","84":"S","85":"t","86":"o","87":"r","88":"e","89":"/","90":"s","91":"r","92":"c","93":"/","94":"c","95":"o","96":"m","97":"p","98":"o","99":"n","100":"e","101":"n","102":"t","103":"s","104":"/","105":"M","106":"o","107":"l","108":"e","109":"c","110":"u","111":"l","112":"e","113":"s","114":"/","115":"C","116":"u","117":"s","118":"t","119":"o","120":"m","121":"F","122":"i","123":"l","124":"t","125":"e","126":"r","127":"/","128":"C","129":"u","130":"s","131":"t","132":"o","133":"m","134":"F","135":"i","136":"l","137":"t","138":"e","139":"r","140":".","141":"v","142":"u","143":"e","144":"\"","145":"]","146":",","147":"\"","148":"n","149":"a","150":"m","151":"e","152":"s","153":"\"","154":":","155":"[","156":"]","157":",","158":"\"","159":"m","160":"a","161":"p","162":"p","163":"i","164":"n","165":"g","166":"s","167":"\"","168":":","169":"\"","170":";","171":";","172":";","173":";","174":";","175":";","176":";","177":"e","178":"A","179":"a","180":"e","181":";","182":"E","183":"A","184":"C","185":"b","186":",","187":"I","188":"A","189":"A","190":"I","191":",","192":"E","193":"A","194":"A","195":"E","196":",","197":"c","198":"A","199":"A","200":"c","201":";","202":"E","203":"A","204":"C","205":"p","206":"B","207":",","208":"K","209":"A","210":"A","211":"K","212":",","213":"E","214":"A","215":"A","216":"E","217":";","218":"I","219":"A","220":"C","221":"L","222":",","223":"a","224":"A","225":"A","226":"a","227":",","228":"E","229":"A","230":"A","231":"E","232":";","233":"M","234":"A","235":"C","236":"b","237":",","238":"I","239":"A","240":"A","241":"I","242":",","243":"E","244":"A","245":"A","246":"E","247":",","248":"K","249":"A","250":"A","251":"K","252":";","253":"M","254":"A","255":"C","256":"X","257":",","258":"O","259":"A","260":"A","261":"O","262":",","263":"E","264":"A","265":"A","266":"E","267":",","268":"M","269":"A","270":"A","271":"O","272":";","273":"I","274":"A","275":"C","276":"l","277":"B","278":",","279":"C","280":"A","281":"A","282":"C","283":";","284":"I","285":"A","286":"C","287":"D","288":",","289":"K","290":"A","291":"A","292":"K","293":",","294":"E","295":"A","296":"A","297":"E","298":";","299":"M","300":"A","301":"C","302":"L","303":",","304":"I","305":"A","306":"A","307":"I","308":",","309":"E","310":"A","311":"A","312":"E","313":",","314":"M","315":"A","316":"A","317":"M","318":";","319":"M","320":"A","321":"C","322":"Z","323":",","324":"O","325":"A","326":"A","327":"O","328":",","329":"E","330":"A","331":"A","332":"E","333":";","334":"I","335":"A","336":"C","337":"X","338":",","339":"C","340":"A","341":"A","342":"C","343":";","344":"I","345":"A","346":"C","347":"D","348":",","349":"S","350":"A","351":"A","352":"S","353":",","354":"E","355":"A","356":"A","357":"E","358":";","359":"M","360":"A","361":"C","362":"T","363":",","364":"I","365":"A","366":"A","367":"I","368":",","369":"E","370":"A","371":"A","372":"E","373":",","374":"M","375":"A","376":"A","377":"M","378":";","379":"M","380":"A","381":"C","382":"Z","383":",","384":"O","385":"A","386":"A","387":"O","388":",","389":"E","390":"A","391":"A","392":"E","393":";","394":"I","395":"A","396":"C","397":"X","398":";","399":"E","400":"A","401":"C","402":"F","403":",","404":"C","405":"A","406":"A","407":"C","408":";","409":"E","410":"A","411":"C","412":"D","413":",","414":"I","415":"A","416":"A","417":"I","418":",","419":"G","420":"A","421":"A","422":"I","423":";","424":"I","425":"A","426":"C","427":"N","428":",","429":"O","430":"A","431":"A","432":"O","433":";","434":"M","435":"A","436":"C","437":"L","438":",","439":"I","440":"A","441":"A","442":"I","443":",","444":"E","445":"A","446":"A","447":"E","448":";","449":"I","450":"A","451":"C","452":"R","453":",","454":"C","455":"A","456":"A","457":"C","458":";","459":"E","460":"A","461":"C","462":"H","463":",","464":"C","465":"A","466":"A","467":"C","468":";","469":"E","470":"A","471":"C","472":"D","473":",","474":"O","475":"A","476":"A","477":"O","478":",","479":"E","480":"A","481":"A","482":"E","483":";","484":"I","485":"A","486":"C","487":"P","488":";","489":";","490":";","491":"I","492":"A","493":"G","494":"A","495":",","496":"q","497":"B","498":"A","499":"A","500":"q","501":"B","502":",","503":"E","504":"A","505":"A","506":"E","507":",","508":"U","509":"A","510":"A","511":"U","512":",","513":"M","514":"A","515":"A","516":"M","517":",","518":"G","519":"A","520":"A","521":"G","522":",","523":"E","524":"A","525":"A","526":"E","527":",","528":"E","529":"A","530":"A","531":"E","532":";","533":"M","534":"A","535":"C","536":"5","537":"C","538":";","539":"M","540":"A","541":"C","542":"A","543":",","544":"M","545":"A","546":"A","547":"M","548":",","549":"G","550":"A","551":"A","552":"I","553":",","554":"M","555":"A","556":"A","557":"M","558":",","559":"K","560":"A","561":"A","562":"K","563":",","564":"K","565":"A","566":"A","567":"K","568":",","569":"G","570":"A","571":"A","572":"G","573":",","574":"I","575":"A","576":"A","577":"I","578":",","579":"G","580":"A","581":"A","582":"G","583":",","584":"M","585":"A","586":"A","587":"M","588":",","589":"K","590":"A","591":"A","592":"K","593":",","594":"I","595":"A","596":"A","597":"I","598":",","599":"G","600":"A","601":"A","602":"G","603":",","604":"K","605":"A","606":"A","607":"K","608":",","609":"G","610":"A","611":"A","612":"G","613":",","614":"M","615":"A","616":"A","617":"O","618":";","619":"M","620":"A","621":"C","622":"r","623":"E","624":",","625":"I","626":"A","627":"A","628":"I","629":",","630":"C","631":"A","632":"A","633":"C","634":",","635":"O","636":"A","637":"A","638":"O","639":",","640":"C","641":"A","642":"A","643":"C","644":",","645":"a","646":"A","647":"A","648":"a","649":",","650":"C","651":"A","652":"A","653":"C","654":",","655":"M","656":"A","657":"A","658":"M","659":",","660":"E","661":"A","662":"A","663":"E","664":",","665":"I","666":"A","667":"A","668":"I","669":",","670":"C","671":"A","672":"A","673":"C","674":",","675":"S","676":"A","677":"A","678":"S","679":",","680":"C","681":"A","682":"A","683":"C","684":";","685":"M","686":"A","687":"C","688":"l","689":"D","690":";","691":"M","692":"A","693":"C","694":"A","695":",","696":"I","697":"A","698":"A","699":"I","700":",","701":"C","702":"A","703":"A","704":"C","705":",","706":"I","707":"A","708":"A","709":"I","710":",","711":"G","712":"A","713":"A","714":"G","715":",","716":"M","717":"A","718":"A","719":"M","720":",","721":"C","722":"A","723":"A","724":"C","725":",","726":"Q","727":"A","728":"A","729":"Q","730":",","731":"E","732":"A","733":"A","734":"E","735":";","736":"I","737":"A","738":"C","739":"/","740":"B","741":";","742":"E","743":"A","744":"C","745":"F","746":";","747":"A","748":"A","749":"C","750":"F","751":",","752":"C","753":"A","754":"A","755":"C","756":";","757":"A","758":"A","759":"A","760":"A","761":";","762":"A","763":"A","764":"A","765":"A","766":"\"","767":",","768":"\"","769":"f","770":"i","771":"l","772":"e","773":"\"","774":":","775":"\"","776":"/","777":"U","778":"s","779":"e","780":"r","781":"s","782":"/","783":"s","784":"a","785":"n","786":"t","787":"h","788":"o","789":"s","790":"h","791":"k","792":"u","793":"m","794":"a","795":"r","796":"r","797":"a","798":"v","799":"i","800":"c","801":"h","802":"a","803":"n","804":"d","805":"r","806":"a","807":"n","808":"/","809":"D","810":"o","811":"c","812":"u","813":"m","814":"e","815":"n","816":"t","817":"s","818":"/","819":"w","820":"o","821":"r","822":"k","823":"s","824":"p","825":"a","826":"c","827":"e","828":"/","829":"M","830":"o","831":"b","832":"i","833":"l","834":"e","835":"S","836":"t","837":"o","838":"r","839":"e","840":"/","841":"s","842":"r","843":"c","844":"/","845":"c","846":"o","847":"m","848":"p","849":"o","850":"n","851":"e","852":"n","853":"t","854":"s","855":"/","856":"M","857":"o","858":"l","859":"e","860":"c","861":"u","862":"l","863":"e","864":"s","865":"/","866":"C","867":"u","868":"s","869":"t","870":"o","871":"m","872":"F","873":"i","874":"l","875":"t","876":"e","877":"r","878":"/","879":"C","880":"u","881":"s","882":"t","883":"o","884":"m","885":"F","886":"i","887":"l","888":"t","889":"e","890":"r","891":".","892":"v","893":"u","894":"e","895":"\"","896":",","897":"\"","898":"s","899":"o","900":"u","901":"r","902":"c","903":"e","904":"s","905":"C","906":"o","907":"n","908":"t","909":"e","910":"n","911":"t","912":"\"","913":":","914":"[","915":"\"","916":"<","917":"t","918":"e","919":"m","920":"p","921":"l","922":"a","923":"t","924":"e","925":">","926":"\\","927":"n","928":" ","929":" ","930":" ","931":" ","932":" ","933":" ","934":"<","935":"d","936":"i","937":"v","938":" ","939":"c","940":"l","941":"a","942":"s","943":"s","944":"=","945":"\\","946":"\"","947":"d","948":"r","949":"o","950":"p","951":"d","952":"o","953":"w","954":"n","955":"\\","956":"\"","957":">","958":"\\","959":"n","960":" ","961":" ","962":" ","963":" ","964":" ","965":" ","966":" ","967":" ","968":"<","969":"b","970":"u","971":"t","972":"t","973":"o","974":"n","975":" ","976":"c","977":"l","978":"a","979":"s","980":"s","981":"=","982":"\\","983":"\"","984":"d","985":"r","986":"o","987":"p","988":"b","989":"t","990":"n","991":"\\","992":"\"","993":">","994":"{","995":"{","996":"t","997":"i","998":"t","999":"l","1000":"e","1001":"}","1002":"}","1003":"<","1004":"/","1005":"b","1006":"u","1007":"t","1008":"t","1009":"o","1010":"n","1011":">","1012":"\\","1013":"n","1014":" ","1015":" ","1016":" ","1017":" ","1018":" ","1019":" ","1020":" ","1021":" ","1022":" ","1023":" ","1024":"<","1025":"d","1026":"i","1027":"v","1028":" ","1029":"c","1030":"l","1031":"a","1032":"s","1033":"s","1034":"=","1035":"\\","1036":"\"","1037":"d","1038":"r","1039":"o","1040":"p","1041":"d","1042":"o","1043":"w","1044":"n","1045":"-","1046":"c","1047":"o","1048":"n","1049":"t","1050":"e","1051":"n","1052":"t","1053":"\\","1054":"\"","1055":" ","1056":">","1057":"\\","1058":"n","1059":" ","1060":" ","1061":" ","1062":" ","1063":" ","1064":" ","1065":" ","1066":" ","1067":" ","1068":" ","1069":" ","1070":"<","1071":"s","1072":"p","1073":"a","1074":"n","1075":" ","1076":"v","1077":"-","1078":"f","1079":"o","1080":"r","1081":"=","1082":"\\","1083":"\"","1084":"o","1085":"p","1086":"t","1087":"i","1088":"o","1089":"n","1090":" ","1091":"i","1092":"n","1093":" ","1094":"f","1095":"i","1096":"l","1097":"t","1098":"e","1099":"r","1100":"O","1101":"p","1102":"t","1103":"i","1104":"o","1105":"n","1106":"s","1107":"\\","1108":"\"","1109":"\\","1110":"n","1111":" ","1112":" ","1113":" ","1114":" ","1115":" ","1116":" ","1117":" ","1118":" ","1119":" ","1120":" ","1121":" ","1122":" ","1123":" ","1124":" ","1125":"@","1126":"c","1127":"l","1128":"i","1129":"c","1130":"k","1131":"=","1132":"\\","1133":"\"","1134":"o","1135":"n","1136":"F","1137":"i","1138":"l","1139":"t","1140":"e","1141":"r","1142":"O","1143":"p","1144":"t","1145":"i","1146":"o","1147":"n","1148":"S","1149":"e","1150":"c","1151":"t","1152":"i","1153":"o","1154":"n","1155":"(","1156":"o","1157":"p","1158":"t","1159":"i","1160":"o","1161":"n","1162":")","1163":"\\","1164":"\"","1165":"\\","1166":"n","1167":" ","1168":" ","1169":" ","1170":" ","1171":" ","1172":" ","1173":" ","1174":" ","1175":" ","1176":" ","1177":" ","1178":" ","1179":" ","1180":" ","1181":":","1182":"v","1183":"a","1184":"l","1185":"u","1186":"e","1187":"=","1188":"\\","1189":"\"","1190":"o","1191":"p","1192":"t","1193":"i","1194":"o","1195":"n","1196":"\\","1197":"\"","1198":"\\","1199":"n","1200":" ","1201":" ","1202":" ","1203":" ","1204":" ","1205":" ","1206":" ","1207":" ","1208":" ","1209":" ","1210":" ","1211":" ","1212":" ","1213":" ","1214":":","1215":"k","1216":"e","1217":"y","1218":"=","1219":"\\","1220":"\"","1221":"o","1222":"p","1223":"t","1224":"i","1225":"o","1226":"n","1227":"\\","1228":"\"","1229":">","1230":"{","1231":"{","1232":" ","1233":"o","1234":"p","1235":"t","1236":"i","1237":"o","1238":"n","1239":" ","1240":"}","1241":"}","1242":" ","1243":"<","1244":"/","1245":"s","1246":"p","1247":"a","1248":"n","1249":">","1250":"\\","1251":"n","1252":" ","1253":" ","1254":" ","1255":" ","1256":" ","1257":" ","1258":" ","1259":" ","1260":"<","1261":"/","1262":"d","1263":"i","1264":"v","1265":">","1266":"\\","1267":"n","1268":" ","1269":" ","1270":" ","1271":" ","1272":" ","1273":" ","1274":"<","1275":"/","1276":"d","1277":"i","1278":"v","1279":">","1280":"\\","1281":"n","1282":"<","1283":"/","1284":"t","1285":"e","1286":"m","1287":"p","1288":"l","1289":"a","1290":"t","1291":"e","1292":">","1293":"\\","1294":"n","1295":"<","1296":"s","1297":"c","1298":"r","1299":"i","1300":"p","1301":"t","1302":">","1303":"\\","1304":"n","1305":"\\","1306":"n","1307":"e","1308":"x","1309":"p","1310":"o","1311":"r","1312":"t","1313":" ","1314":"d","1315":"e","1316":"f","1317":"a","1318":"u","1319":"l","1320":"t","1321":" ","1322":"{","1323":"\\","1324":"n","1325":" ","1326":" ","1327":"n","1328":"a","1329":"m","1330":"e","1331":":","1332":" ","1333":"'","1334":"C","1335":"u","1336":"s","1337":"t","1338":"o","1339":"m","1340":"F","1341":"i","1342":"l","1343":"t","1344":"e","1345":"r","1346":"'","1347":",","1348":"\\","1349":"n","1350":" ","1351":" ","1352":"p","1353":"r","1354":"o","1355":"p","1356":"s","1357":":","1358":" ","1359":"{","1360":"\\","1361":"n","1362":" ","1363":" ","1364":" ","1365":" ","1366":"f","1367":"i","1368":"l","1369":"t","1370":"e","1371":"r","1372":"O","1373":"p","1374":"t","1375":"i","1376":"o","1377":"n","1378":"s","1379":":","1380":" ","1381":"{","1382":"\\","1383":"n","1384":" ","1385":" ","1386":" ","1387":" ","1388":" ","1389":" ","1390":"t","1391":"y","1392":"p","1393":"e","1394":":","1395":" ","1396":"A","1397":"r","1398":"r","1399":"a","1400":"y","1401":",","1402":"\\","1403":"n","1404":" ","1405":" ","1406":" ","1407":" ","1408":" ","1409":" ","1410":"d","1411":"e","1412":"f","1413":"a","1414":"u","1415":"l","1416":"t","1417":":","1418":" ","1419":"(","1420":")","1421":" ","1422":"=","1423":">","1424":" ","1425":"(","1426":"[","1427":"]","1428":")","1429":"\\","1430":"n","1431":" ","1432":" ","1433":" ","1434":" ","1435":"}","1436":",","1437":"\\","1438":"n","1439":" ","1440":" ","1441":" ","1442":" ","1443":"t","1444":"i","1445":"t","1446":"l","1447":"e","1448":":","1449":" ","1450":"{","1451":"\\","1452":"n","1453":" ","1454":" ","1455":" ","1456":" ","1457":" ","1458":" ","1459":"t","1460":"y","1461":"p","1462":"e","1463":":","1464":" ","1465":"S","1466":"t","1467":"r","1468":"i","1469":"n","1470":"g","1471":",","1472":"\\","1473":"n","1474":" ","1475":" ","1476":" ","1477":" ","1478":" ","1479":" ","1480":"d","1481":"e","1482":"f","1483":"a","1484":"u","1485":"l","1486":"t","1487":":","1488":" ","1489":"'","1490":"'","1491":"\\","1492":"n","1493":" ","1494":" ","1495":" ","1496":" ","1497":"}","1498":",","1499":"\\","1500":"n","1501":" ","1502":" ","1503":" ","1504":" ","1505":"a","1506":"t","1507":"t","1508":"r","1509":"i","1510":"b","1511":"u","1512":"t","1513":"e","1514":":","1515":" ","1516":"{","1517":"\\","1518":"n","1519":" ","1520":" ","1521":" ","1522":" ","1523":" ","1524":" ","1525":"t","1526":"y","1527":"p","1528":"e","1529":":","1530":" ","1531":"S","1532":"t","1533":"r","1534":"i","1535":"n","1536":"g","1537":",","1538":"\\","1539":"n","1540":" ","1541":" ","1542":" ","1543":" ","1544":" ","1545":" ","1546":"d","1547":"e","1548":"f","1549":"a","1550":"u","1551":"l","1552":"t","1553":":","1554":" ","1555":"'","1556":"'","1557":"\\","1558":"n","1559":" ","1560":" ","1561":" ","1562":" ","1563":"}","1564":"\\","1565":"n","1566":" ","1567":" ","1568":"}","1569":",","1570":"\\","1571":"n","1572":" ","1573":" ","1574":"d","1575":"a","1576":"t","1577":"a","1578":" ","1579":"(","1580":")","1581":" ","1582":"{","1583":"\\","1584":"n","1585":" ","1586":" ","1587":" ","1588":" ","1589":"r","1590":"e","1591":"t","1592":"u","1593":"r","1594":"n","1595":" ","1596":"{","1597":"\\","1598":"n","1599":" ","1600":" ","1601":" ","1602":" ","1603":" ","1604":" ","1605":"t","1606":"e","1607":"x","1608":"t","1609":":","1610":" ","1611":"n","1612":"u","1613":"l","1614":"l","1615":"\\","1616":"n","1617":" ","1618":" ","1619":" ","1620":" ","1621":"}","1622":"\\","1623":"n","1624":" ","1625":" ","1626":"}","1627":",","1628":"\\","1629":"n","1630":" ","1631":" ","1632":"m","1633":"e","1634":"t","1635":"h","1636":"o","1637":"d","1638":"s","1639":":","1640":" ","1641":"{","1642":"\\","1643":"n","1644":" ","1645":" ","1646":" ","1647":" ","1648":"/","1649":"*","1650":"*","1651":"\\","1652":"n","1653":" ","1654":" ","1655":" ","1656":" ","1657":" ","1658":" ","1659":" ","1660":" ","1661":" ","1662":"*","1663":" ","1664":"A","1665":" ","1666":"f","1667":"u","1668":"n","1669":"c","1670":"t","1671":"i","1672":"o","1673":"n","1674":" ","1675":"t","1676":"o","1677":" ","1678":"p","1679":"a","1680":"s","1681":"s","1682":" ","1683":"t","1684":"h","1685":"e","1686":" ","1687":"s","1688":"e","1689":"l","1690":"e","1691":"c","1692":"t","1693":"e","1694":"d","1695":" ","1696":"f","1697":"i","1698":"l","1699":"t","1700":"e","1701":"r","1702":" ","1703":"o","1704":"p","1705":"t","1706":"i","1707":"o","1708":"n","1709":"(","1710":"g","1711":"e","1712":"n","1713":"r","1714":"e","1715":",","1716":" ","1717":"o","1718":"r","1719":" ","1720":"r","1721":"a","1722":"t","1723":"i","1724":"n","1725":"g","1726":")","1727":" ","1728":"t","1729":"o","1730":" ","1731":"t","1732":"h","1733":"e","1734":" ","1735":"p","1736":"a","1737":"r","1738":"e","1739":"n","1740":"t","1741":" ","1742":"c","1743":"o","1744":"m","1745":"p","1746":"o","1747":"n","1748":"e","1749":"n","1750":"t","1751":"\\","1752":"n","1753":" ","1754":" ","1755":" ","1756":" ","1757":" ","1758":" ","1759":" ","1760":" ","1761":" ","1762":"*","1763":"/","1764":"\\","1765":"n","1766":" ","1767":" ","1768":" ","1769":" ","1770":"o","1771":"n","1772":"F","1773":"i","1774":"l","1775":"t","1776":"e","1777":"r","1778":"O","1779":"p","1780":"t","1781":"i","1782":"o","1783":"n","1784":"S","1785":"e","1786":"c","1787":"t","1788":"i","1789":"o","1790":"n","1791":":","1792":" ","1793":"f","1794":"u","1795":"n","1796":"c","1797":"t","1798":"i","1799":"o","1800":"n","1801":" ","1802":"(","1803":"o","1804":"p","1805":"t","1806":"i","1807":"o","1808":"n","1809":" ","1810":"=","1811":" ","1812":"'","1813":"'","1814":")","1815":" ","1816":"{","1817":"\\","1818":"n","1819":" ","1820":" ","1821":" ","1822":" ","1823":" ","1824":" ","1825":"/","1826":"/","1827":" ","1828":"j","1829":"u","1830":"s","1831":"t","1832":" ","1833":"f","1834":"o","1835":"r","1836":" ","1837":"b","1838":"o","1839":"o","1840":"l","1841":"e","1842":"a","1843":"n","1844":" ","1845":"o","1846":"p","1847":"t","1848":"i","1849":"o","1850":"n","1851":"s","1852":"\\","1853":"n","1854":" ","1855":" ","1856":" ","1857":" ","1858":" ","1859":" ","1860":"o","1861":"p","1862":"t","1863":"i","1864":"o","1865":"n","1866":" ","1867":"=","1868":" ","1869":"(","1870":"o","1871":"p","1872":"t","1873":"i","1874":"o","1875":"n","1876":" ","1877":"=","1878":"=","1879":"=","1880":" ","1881":"'","1882":"Y","1883":"e","1884":"s","1885":"'","1886":" ","1887":"?","1888":" ","1889":"t","1890":"r","1891":"u","1892":"e","1893":" ","1894":":","1895":" ","1896":"o","1897":"p","1898":"t","1899":"i","1900":"o","1901":"n","1902":" ","1903":"=","1904":"=","1905":"=","1906":" ","1907":"'","1908":"N","1909":"o","1910":"'","1911":" ","1912":"?","1913":" ","1914":"f","1915":"a","1916":"l","1917":"s","1918":"e","1919":" ","1920":":","1921":" ","1922":"o","1923":"p","1924":"t","1925":"i","1926":"o","1927":"n","1928":")","1929":"\\","1930":"n","1931":" ","1932":" ","1933":" ","1934":" ","1935":" ","1936":" ","1937":"t","1938":"h","1939":"i","1940":"s","1941":".","1942":"$","1943":"p","1944":"a","1945":"r","1946":"e","1947":"n","1948":"t","1949":".","1950":"o","1951":"n","1952":"F","1953":"i","1954":"l","1955":"t","1956":"e","1957":"r","1958":"C","1959":"l","1960":"i","1961":"c","1962":"k","1963":"(","1964":"o","1965":"p","1966":"t","1967":"i","1968":"o","1969":"n","1970":",","1971":" ","1972":"t","1973":"h","1974":"i","1975":"s","1976":".","1977":"a","1978":"t","1979":"t","1980":"r","1981":"i","1982":"b","1983":"u","1984":"t","1985":"e","1986":")","1987":"\\","1988":"n","1989":" ","1990":" ","1991":" ","1992":" ","1993":" ","1994":" ","1995":"/","1996":"/","1997":" ","1998":"R","1999":"a","2000":"t","2001":"i","2002":"n","2003":"g","2004":" ","2005":"i","2006":"s","2007":" ","2008":"n","2009":"u","2010":"m","2011":"b","2012":"e","2013":"r","2014":",","2015":" ","2016":"t","2017":"o","2018":" ","2019":"c","2020":"o","2021":"n","2022":"v","2023":"e","2024":"r","2025":"t","2026":" ","2027":"i","2028":"t","2029":" ","2030":"t","2031":"o","2032":" ","2033":"s","2034":"t","2035":"r","2036":"i","2037":"n","2038":"g","2039":" ","2040":"t","2041":"o","2042":" ","2043":"m","2044":"a","2045":"t","2046":"c","2047":"h","2048":" ","2049":"t","2050":"h","2051":"e","2052":" ","2053":"p","2054":"r","2055":"o","2056":"p","2057":" ","2058":"d","2059":"e","2060":"f","2061":"i","2062":"n","2063":"i","2064":"t","2065":"i","2066":"o","2067":"n","2068":"\\","2069":"n","2070":" ","2071":" ","2072":" ","2073":" ","2074":" ","2075":" ","2076":"t","2077":"h","2078":"i","2079":"s","2080":".","2081":"t","2082":"e","2083":"x","2084":"t","2085":" ","2086":"=","2087":" ","2088":"o","2089":"p","2090":"t","2091":"i","2092":"o","2093":"n","2094":".","2095":"t","2096":"o","2097":"S","2098":"t","2099":"r","2100":"i","2101":"n","2102":"g","2103":"(","2104":")","2105":"\\","2106":"n","2107":" ","2108":" ","2109":" ","2110":" ","2111":"}","2112":"\\","2113":"n","2114":" ","2115":" ","2116":"}","2117":"\\","2118":"n","2119":"}","2120":"\\","2121":"n","2122":"<","2123":"/","2124":"s","2125":"c","2126":"r","2127":"i","2128":"p","2129":"t","2130":">","2131":"\\","2132":"n","2133":"<","2134":"s","2135":"t","2136":"y","2137":"l","2138":"e","2139":" ","2140":"s","2141":"c","2142":"o","2143":"p","2144":"e","2145":"d","2146":">","2147":"\\","2148":"n","2149":".","2150":"f","2151":"i","2152":"l","2153":"t","2154":"e","2155":"r","2156":" ","2157":"{","2158":"\\","2159":"n","2160":" ","2161":" ","2162":" ","2163":" ","2164":"m","2165":"a","2166":"r","2167":"g","2168":"i","2169":"n","2170":"-","2171":"l","2172":"e","2173":"f","2174":"t","2175":":","2176":" ","2177":"1","2178":"0","2179":"p","2180":"x","2181":";","2182":"\\","2183":"n","2184":"}","2185":"\\","2186":"n","2187":"\\","2188":"n","2189":".","2190":"d","2191":"r","2192":"o","2193":"p","2194":"b","2195":"t","2196":"n","2197":" ","2198":"{","2199":"\\","2200":"n","2201":" ","2202":" ","2203":"c","2204":"o","2205":"l","2206":"o","2207":"r","2208":":","2209":" ","2210":"b","2211":"l","2212":"a","2213":"c","2214":"k","2215":";","2216":"\\","2217":"n","2218":" ","2219":" ","2220":"b","2221":"a","2222":"c","2223":"k","2224":"g","2225":"r","2226":"o","2227":"u","2228":"n","2229":"d","2230":":","2231":" ","2232":"w","2233":"h","2234":"i","2235":"t","2236":"e","2237":";","2238":"\\","2239":"n","2240":" ","2241":" ","2242":"p","2243":"a","2244":"d","2245":"d","2246":"i","2247":"n","2248":"g","2249":":","2250":" ","2251":"1","2252":"6","2253":"p","2254":"x","2255":";","2256":"\\","2257":"n","2258":" ","2259":" ","2260":"f","2261":"o","2262":"n","2263":"t","2264":"-","2265":"s","2266":"i","2267":"z","2268":"e","2269":":","2270":" ","2271":"1","2272":"6","2273":"p","2274":"x","2275":";","2276":"\\","2277":"n","2278":" ","2279":" ","2280":"b","2281":"o","2282":"r","2283":"d","2284":"e","2285":"r","2286":":","2287":" ","2288":"n","2289":"o","2290":"n","2291":"e","2292":";","2293":"\\","2294":"n","2295":" ","2296":" ","2297":"c","2298":"u","2299":"r","2300":"s","2301":"o","2302":"r","2303":":","2304":" ","2305":"p","2306":"o","2307":"i","2308":"n","2309":"t","2310":"e","2311":"r","2312":";","2313":"\\","2314":"n","2315":"}","2316":"\\","2317":"n","2318":"\\","2319":"n","2320":".","2321":"d","2322":"r","2323":"o","2324":"p","2325":"d","2326":"o","2327":"w","2328":"n","2329":" ","2330":"{","2331":"\\","2332":"n","2333":" ","2334":" ","2335":"p","2336":"o","2337":"s","2338":"i","2339":"t","2340":"i","2341":"o","2342":"n","2343":":","2344":" ","2345":"r","2346":"e","2347":"l","2348":"a","2349":"t","2350":"i","2351":"v","2352":"e","2353":";","2354":"\\","2355":"n","2356":" ","2357":" ","2358":"d","2359":"i","2360":"s","2361":"p","2362":"l","2363":"a","2364":"y","2365":":","2366":" ","2367":"i","2368":"n","2369":"l","2370":"i","2371":"n","2372":"e","2373":"-","2374":"b","2375":"l","2376":"o","2377":"c","2378":"k","2379":";","2380":"\\","2381":"n","2382":"}","2383":"\\","2384":"n","2385":"\\","2386":"n","2387":".","2388":"d","2389":"r","2390":"o","2391":"p","2392":"d","2393":"o","2394":"w","2395":"n","2396":"-","2397":"c","2398":"o","2399":"n","2400":"t","2401":"e","2402":"n","2403":"t","2404":" ","2405":"{","2406":"\\","2407":"n","2408":" ","2409":" ","2410":"d","2411":"i","2412":"s","2413":"p","2414":"l","2415":"a","2416":"y","2417":":","2418":" ","2419":"n","2420":"o","2421":"n","2422":"e","2423":";","2424":"\\","2425":"n","2426":" ","2427":" ","2428":"p","2429":"o","2430":"s","2431":"i","2432":"t","2433":"i","2434":"o","2435":"n","2436":":","2437":" ","2438":"a","2439":"b","2440":"s","2441":"o","2442":"l","2443":"u","2444":"t","2445":"e","2446":";","2447":"\\","2448":"n","2449":" ","2450":" ","2451":"b","2452":"a","2453":"c","2454":"k","2455":"g","2456":"r","2457":"o","2458":"u","2459":"n","2460":"d","2461":"-","2462":"c","2463":"o","2464":"l","2465":"o","2466":"r","2467":":","2468":" ","2469":"#","2470":"f","2471":"f","2472":"f","2473":";","2474":"\\","2475":"n","2476":" ","2477":" ","2478":"m","2479":"i","2480":"n","2481":"-","2482":"w","2483":"i","2484":"d","2485":"t","2486":"h","2487":":","2488":" ","2489":"1","2490":"6","2491":"0","2492":"p","2493":"x","2494":";","2495":"\\","2496":"n","2497":" ","2498":" ","2499":"z","2500":"-","2501":"i","2502":"n","2503":"d","2504":"e","2505":"x","2506":":","2507":" ","2508":"1","2509":";","2510":"\\","2511":"n","2512":" ","2513":" ","2514":"b","2515":"o","2516":"r","2517":"d","2518":"e","2519":"r","2520":"-","2521":"r","2522":"a","2523":"d","2524":"i","2525":"u","2526":"s","2527":":","2528":" ","2529":"1","2530":"0","2531":"p","2532":"x","2533":";","2534":"\\","2535":"n","2536":" ","2537":" ","2538":"t","2539":"e","2540":"x","2541":"t","2542":"-","2543":"a","2544":"l","2545":"i","2546":"g","2547":"n","2548":":","2549":" ","2550":"l","2551":"e","2552":"f","2553":"t","2554":";","2555":"\\","2556":"n","2557":"}","2558":"\\","2559":"n","2560":"\\","2561":"n","2562":".","2563":"d","2564":"r","2565":"o","2566":"p","2567":"d","2568":"o","2569":"w","2570":"n","2571":"-","2572":"c","2573":"o","2574":"n","2575":"t","2576":"e","2577":"n","2578":"t","2579":" ","2580":"s","2581":"p","2582":"a","2583":"n","2584":" ","2585":"{","2586":"\\","2587":"n","2588":" ","2589":" ","2590":"c","2591":"o","2592":"l","2593":"o","2594":"r","2595":":","2596":" ","2597":"b","2598":"l","2599":"a","2600":"c","2601":"k","2602":";","2603":"\\","2604":"n","2605":" ","2606":" ","2607":"p","2608":"a","2609":"d","2610":"d","2611":"i","2612":"n","2613":"g","2614":":","2615":" ","2616":"1","2617":"2","2618":"p","2619":"x","2620":" ","2621":"1","2622":"6","2623":"p","2624":"x","2625":";","2626":"\\","2627":"n","2628":" ","2629":" ","2630":"t","2631":"e","2632":"x","2633":"t","2634":"-","2635":"d","2636":"e","2637":"c","2638":"o","2639":"r","2640":"a","2641":"t","2642":"i","2643":"o","2644":"n","2645":":","2646":" ","2647":"n","2648":"o","2649":"n","2650":"e","2651":";","2652":"\\","2653":"n","2654":" ","2655":" ","2656":"d","2657":"i","2658":"s","2659":"p","2660":"l","2661":"a","2662":"y","2663":":","2664":" ","2665":"b","2666":"l","2667":"o","2668":"c","2669":"k","2670":";","2671":"\\","2672":"n","2673":" ","2674":" ","2675":" ","2676":"b","2677":"o","2678":"r","2679":"d","2680":"e","2681":"r","2682":"-","2683":"r","2684":"a","2685":"d","2686":"i","2687":"u","2688":"s","2689":":","2690":" ","2691":"1","2692":"0","2693":"p","2694":"x","2695":";","2696":"\\","2697":"n","2698":"}","2699":"\\","2700":"n","2701":"\\","2702":"n","2703":".","2704":"d","2705":"r","2706":"o","2707":"p","2708":"d","2709":"o","2710":"w","2711":"n","2712":"-","2713":"c","2714":"o","2715":"n","2716":"t","2717":"e","2718":"n","2719":"t","2720":" ","2721":"s","2722":"p","2723":"a","2724":"n","2725":":","2726":"l","2727":"a","2728":"s","2729":"t","2730":"-","2731":"c","2732":"h","2733":"i","2734":"l","2735":"d","2736":" ","2737":"{","2738":"\\","2739":"n","2740":" ","2741":" ","2742":" ","2743":"r","2744":"i","2745":"g","2746":"h","2747":"t","2748":":","2749":" ","2750":"0","2751":";","2752":"\\","2753":"n","2754":" ","2755":" ","2756":" ","2757":"f","2758":"l","2759":"o","2760":"a","2761":"t","2762":":","2763":"r","2764":"i","2765":"g","2766":"h","2767":"t","2768":";","2769":"\\","2770":"n","2771":"}","2772":"\\","2773":"n","2774":"\\","2775":"n","2776":".","2777":"d","2778":"r","2779":"o","2780":"p","2781":"d","2782":"o","2783":"w","2784":"n","2785":"-","2786":"c","2787":"o","2788":"n","2789":"t","2790":"e","2791":"n","2792":"t","2793":" ","2794":"s","2795":"p","2796":"a","2797":"n","2798":":","2799":"h","2800":"o","2801":"v","2802":"e","2803":"r","2804":" ","2805":"{","2806":"\\","2807":"n","2808":" ","2809":" ","2810":"b","2811":"a","2812":"c","2813":"k","2814":"g","2815":"r","2816":"o","2817":"u","2818":"n","2819":"d","2820":"-","2821":"c","2822":"o","2823":"l","2824":"o","2825":"r","2826":":","2827":" ","2828":"#","2829":"0","2830":"9","2831":"0","2832":";","2833":"\\","2834":"n","2835":" ","2836":" ","2837":"}","2838":"\\","2839":"n","2840":"\\","2841":"n","2842":".","2843":"d","2844":"r","2845":"o","2846":"p","2847":"d","2848":"o","2849":"w","2850":"n","2851":":","2852":"h","2853":"o","2854":"v","2855":"e","2856":"r","2857":" ","2858":".","2859":"d","2860":"r","2861":"o","2862":"p","2863":"d","2864":"o","2865":"w","2866":"n","2867":"-","2868":"c","2869":"o","2870":"n","2871":"t","2872":"e","2873":"n","2874":"t","2875":" ","2876":"{","2877":"\\","2878":"n","2879":" ","2880":" ","2881":"d","2882":"i","2883":"s","2884":"p","2885":"l","2886":"a","2887":"y","2888":":","2889":" ","2890":"b","2891":"l","2892":"o","2893":"c","2894":"k","2895":";","2896":"\\","2897":"n","2898":"}","2899":"\\","2900":"n","2901":"\\","2902":"n","2903":"<","2904":"/","2905":"s","2906":"t","2907":"y","2908":"l","2909":"e","2910":">","2911":"\\","2912":"n","2913":"\"","2914":"]","2915":"}"},"_coverageSchema":"1a1c01bbd47fc00a2c39e90264f33305004495a9","hash":"b11e4d9dba1f206e125bd1d894e36c79850db623"}
,"/Users/santhoshkumarravichandran/Documents/workspace/MobileStore/src/components/Molecules/NoPhoneFeedAvailable/NoPhoneFeedAvailable.vue": {"path":"/Users/santhoshkumarravichandran/Documents/workspace/MobileStore/src/components/Molecules/NoPhoneFeedAvailable/NoPhoneFeedAvailable.vue","statementMap":{"0":{"start":{"line":4,"column":0},"end":{"line":6,"column":3}},"1":{"start":{"line":7,"column":0},"end":{"line":7,"column":25}},"2":{"start":{"line":8,"column":15},"end":{"line":10,"column":1}},"3":{"start":{"line":13,"column":0},"end":{"line":13,"column":13}},"4":{"start":{"line":14,"column":0},"end":{"line":14,"column":62}},"5":{"start":{"line":15,"column":0},"end":{"line":15,"column":24}},"6":{"start":{"line":16,"column":12},"end":{"line":16,"column":26}},"7":{"start":{"line":18,"column":4},"end":{"line":18,"column":138}},"8":{"start":{"line":20,"column":0},"end":{"line":20,"column":24}},"9":{"start":{"line":21,"column":1},"end":{"line":21,"column":48}}},"fnMap":{"0":{"name":"render","decl":{"start":{"line":17,"column":9},"end":{"line":17,"column":15}},"loc":{"start":{"line":17,"column":30},"end":{"line":19,"column":1}},"line":17}},"branchMap":{},"s":{"0":1,"1":1,"2":1,"3":1,"4":1,"5":1,"6":1,"7":0,"8":1,"9":1},"f":{"0":0},"b":{},"inputSourceMap":{"0":"{","1":"\"","2":"v","3":"e","4":"r","5":"s","6":"i","7":"o","8":"n","9":"\"","10":":","11":"3","12":",","13":"\"","14":"s","15":"o","16":"u","17":"r","18":"c","19":"e","20":"s","21":"\"","22":":","23":"[","24":"\"","25":"/","26":"U","27":"s","28":"e","29":"r","30":"s","31":"/","32":"s","33":"a","34":"n","35":"t","36":"h","37":"o","38":"s","39":"h","40":"k","41":"u","42":"m","43":"a","44":"r","45":"r","46":"a","47":"v","48":"i","49":"c","50":"h","51":"a","52":"n","53":"d","54":"r","55":"a","56":"n","57":"/","58":"D","59":"o","60":"c","61":"u","62":"m","63":"e","64":"n","65":"t","66":"s","67":"/","68":"w","69":"o","70":"r","71":"k","72":"s","73":"p","74":"a","75":"c","76":"e","77":"/","78":"M","79":"o","80":"b","81":"i","82":"l","83":"e","84":"S","85":"t","86":"o","87":"r","88":"e","89":"/","90":"s","91":"r","92":"c","93":"/","94":"c","95":"o","96":"m","97":"p","98":"o","99":"n","100":"e","101":"n","102":"t","103":"s","104":"/","105":"M","106":"o","107":"l","108":"e","109":"c","110":"u","111":"l","112":"e","113":"s","114":"/","115":"N","116":"o","117":"P","118":"h","119":"o","120":"n","121":"e","122":"F","123":"e","124":"e","125":"d","126":"A","127":"v","128":"a","129":"i","130":"l","131":"a","132":"b","133":"l","134":"e","135":"/","136":"N","137":"o","138":"P","139":"h","140":"o","141":"n","142":"e","143":"F","144":"e","145":"e","146":"d","147":"A","148":"v","149":"a","150":"i","151":"l","152":"a","153":"b","154":"l","155":"e","156":".","157":"v","158":"u","159":"e","160":"\"","161":"]","162":",","163":"\"","164":"n","165":"a","166":"m","167":"e","168":"s","169":"\"","170":":","171":"[","172":"]","173":",","174":"\"","175":"m","176":"a","177":"p","178":"p","179":"i","180":"n","181":"g","182":"s","183":"\"","184":":","185":"\"","186":";","187":";","188":";","189":";","190":";","191":";","192":";","193":"e","194":"A","195":"Q","196":"e","197":";","198":"E","199":"A","200":"C","201":"b","202":",","203":"I","204":"A","205":"A","206":"I","207":",","208":"E","209":"A","210":"A","211":"E","212":";","213":"A","214":"A","215":"C","216":"R","217":",","218":"C","219":"A","220":"A","221":"C","222":";","223":"A","224":"A","225":"A","226":"A","227":";","228":"A","229":"A","230":"A","231":"A","232":"\"","233":",","234":"\"","235":"f","236":"i","237":"l","238":"e","239":"\"","240":":","241":"\"","242":"/","243":"U","244":"s","245":"e","246":"r","247":"s","248":"/","249":"s","250":"a","251":"n","252":"t","253":"h","254":"o","255":"s","256":"h","257":"k","258":"u","259":"m","260":"a","261":"r","262":"r","263":"a","264":"v","265":"i","266":"c","267":"h","268":"a","269":"n","270":"d","271":"r","272":"a","273":"n","274":"/","275":"D","276":"o","277":"c","278":"u","279":"m","280":"e","281":"n","282":"t","283":"s","284":"/","285":"w","286":"o","287":"r","288":"k","289":"s","290":"p","291":"a","292":"c","293":"e","294":"/","295":"M","296":"o","297":"b","298":"i","299":"l","300":"e","301":"S","302":"t","303":"o","304":"r","305":"e","306":"/","307":"s","308":"r","309":"c","310":"/","311":"c","312":"o","313":"m","314":"p","315":"o","316":"n","317":"e","318":"n","319":"t","320":"s","321":"/","322":"M","323":"o","324":"l","325":"e","326":"c","327":"u","328":"l","329":"e","330":"s","331":"/","332":"N","333":"o","334":"P","335":"h","336":"o","337":"n","338":"e","339":"F","340":"e","341":"e","342":"d","343":"A","344":"v","345":"a","346":"i","347":"l","348":"a","349":"b","350":"l","351":"e","352":"/","353":"N","354":"o","355":"P","356":"h","357":"o","358":"n","359":"e","360":"F","361":"e","362":"e","363":"d","364":"A","365":"v","366":"a","367":"i","368":"l","369":"a","370":"b","371":"l","372":"e","373":".","374":"v","375":"u","376":"e","377":"\"","378":",","379":"\"","380":"s","381":"o","382":"u","383":"r","384":"c","385":"e","386":"s","387":"C","388":"o","389":"n","390":"t","391":"e","392":"n","393":"t","394":"\"","395":":","396":"[","397":"\"","398":"<","399":"t","400":"e","401":"m","402":"p","403":"l","404":"a","405":"t","406":"e","407":">","408":"\\","409":"n","410":" ","411":" ","412":" ","413":" ","414":"<","415":"m","416":"a","417":"i","418":"n","419":">","420":"\\","421":"n","422":" ","423":" ","424":" ","425":" ","426":" ","427":" ","428":" ","429":" ","430":"N","431":"o","432":" ","433":"P","434":"h","435":"o","436":"n","437":"e","438":" ","439":"F","440":"e","441":"e","442":"d","443":" ","444":"A","445":"v","446":"a","447":"i","448":"l","449":"a","450":"b","451":"l","452":"e","453":",","454":" ","455":"p","456":"l","457":"e","458":"a","459":"s","460":"e","461":" ","462":"r","463":"e","464":"f","465":"i","466":"n","467":"e","468":" ","469":"y","470":"o","471":"u","472":"r","473":" ","474":"s","475":"e","476":"a","477":"r","478":"c","479":"h","480":".","481":"\\","482":"n","483":" ","484":" ","485":" ","486":" ","487":"<","488":"/","489":"m","490":"a","491":"i","492":"n","493":">","494":"\\","495":"n","496":"<","497":"/","498":"t","499":"e","500":"m","501":"p","502":"l","503":"a","504":"t","505":"e","506":">","507":"\\","508":"n","509":"\\","510":"n","511":"<","512":"s","513":"c","514":"r","515":"i","516":"p","517":"t","518":">","519":"\\","520":"n","521":"\\","522":"n","523":"e","524":"x","525":"p","526":"o","527":"r","528":"t","529":" ","530":"d","531":"e","532":"f","533":"a","534":"u","535":"l","536":"t","537":" ","538":"{","539":"\\","540":"n","541":" ","542":" ","543":"n","544":"a","545":"m","546":"e","547":":","548":" ","549":"'","550":"N","551":"o","552":"P","553":"h","554":"o","555":"n","556":"e","557":"F","558":"e","559":"e","560":"d","561":"A","562":"v","563":"a","564":"i","565":"l","566":"a","567":"b","568":"l","569":"e","570":"'","571":"\\","572":"n","573":"}","574":"\\","575":"n","576":"<","577":"/","578":"s","579":"c","580":"r","581":"i","582":"p","583":"t","584":">","585":"\\","586":"n","587":"\"","588":"]","589":"}"},"_coverageSchema":"1a1c01bbd47fc00a2c39e90264f33305004495a9","hash":"659804812f8953706cf916bebff9957f7678fa10"}
,"/Users/santhoshkumarravichandran/Documents/workspace/MobileStore/src/components/Organisms/Gallery/Gallery.vue": {"path":"/Users/santhoshkumarravichandran/Documents/workspace/MobileStore/src/components/Organisms/Gallery/Gallery.vue","statementMap":{"0":{"start":{"line":4,"column":29},"end":{"line":4,"column":173}},"1":{"start":{"line":5,"column":0},"end":{"line":7,"column":3}},"2":{"start":{"line":8,"column":0},"end":{"line":8,"column":25}},"3":{"start":{"line":9,"column":0},"end":{"line":9,"column":44}},"4":{"start":{"line":45,"column":0},"end":{"line":45,"column":13}},"5":{"start":{"line":46,"column":0},"end":{"line":46,"column":62}},"6":{"start":{"line":47,"column":0},"end":{"line":47,"column":24}},"7":{"start":{"line":48,"column":12},"end":{"line":48,"column":26}},"8":{"start":{"line":49,"column":17},"end":{"line":49,"column":34}},"9":{"start":{"line":50,"column":17},"end":{"line":50,"column":37}},"10":{"start":{"line":51,"column":17},"end":{"line":51,"column":28}},"11":{"start":{"line":52,"column":17},"end":{"line":52,"column":24}},"12":{"start":{"line":53,"column":17},"end":{"line":53,"column":42}},"13":{"start":{"line":54,"column":17},"end":{"line":54,"column":34}},"14":{"start":{"line":55,"column":17},"end":{"line":55,"column":27}},"15":{"start":{"line":57,"column":45},"end":{"line":57,"column":99}},"16":{"start":{"line":58,"column":4},"end":{"line":83,"column":8}},"17":{"start":{"line":61,"column":16},"end":{"line":75,"column":20}},"18":{"start":{"line":67,"column":53},"end":{"line":67,"column":104}},"19":{"start":{"line":85,"column":0},"end":{"line":85,"column":24}},"20":{"start":{"line":86,"column":1},"end":{"line":86,"column":48}}},"fnMap":{"0":{"name":"render","decl":{"start":{"line":56,"column":9},"end":{"line":56,"column":15}},"loc":{"start":{"line":56,"column":30},"end":{"line":84,"column":1}},"line":56},"1":{"name":"(anonymous_1)","decl":{"start":{"line":60,"column":131},"end":{"line":60,"column":132}},"loc":{"start":{"line":60,"column":159},"end":{"line":76,"column":13}},"line":60},"2":{"name":"(anonymous_2)","decl":{"start":{"line":67,"column":33},"end":{"line":67,"column":34}},"loc":{"start":{"line":67,"column":51},"end":{"line":67,"column":106}},"line":67}},"branchMap":{"0":{"loc":{"start":{"line":70,"column":43},"end":{"line":70,"column":82}},"type":"binary-expr","locations":[{"start":{"line":70,"column":43},"end":{"line":70,"column":65}},{"start":{"line":70,"column":69},"end":{"line":70,"column":82}}],"line":70},"1":{"loc":{"start":{"line":78,"column":8},"end":{"line":82,"column":57}},"type":"cond-expr","locations":[{"start":{"line":79,"column":15},"end":{"line":81,"column":14}},{"start":{"line":82,"column":14},"end":{"line":82,"column":57}}],"line":78}},"s":{"0":1,"1":1,"2":1,"3":1,"4":1,"5":1,"6":1,"7":1,"8":1,"9":1,"10":1,"11":1,"12":1,"13":1,"14":1,"15":1,"16":1,"17":1,"18":0,"19":1,"20":1},"f":{"0":1,"1":1,"2":0},"b":{"0":[1,1],"1":[0,1]},"inputSourceMap":{"0":"{","1":"\"","2":"v","3":"e","4":"r","5":"s","6":"i","7":"o","8":"n","9":"\"","10":":","11":"3","12":",","13":"\"","14":"s","15":"o","16":"u","17":"r","18":"c","19":"e","20":"s","21":"\"","22":":","23":"[","24":"\"","25":"/","26":"U","27":"s","28":"e","29":"r","30":"s","31":"/","32":"s","33":"a","34":"n","35":"t","36":"h","37":"o","38":"s","39":"h","40":"k","41":"u","42":"m","43":"a","44":"r","45":"r","46":"a","47":"v","48":"i","49":"c","50":"h","51":"a","52":"n","53":"d","54":"r","55":"a","56":"n","57":"/","58":"D","59":"o","60":"c","61":"u","62":"m","63":"e","64":"n","65":"t","66":"s","67":"/","68":"w","69":"o","70":"r","71":"k","72":"s","73":"p","74":"a","75":"c","76":"e","77":"/","78":"M","79":"o","80":"b","81":"i","82":"l","83":"e","84":"S","85":"t","86":"o","87":"r","88":"e","89":"/","90":"s","91":"r","92":"c","93":"/","94":"c","95":"o","96":"m","97":"p","98":"o","99":"n","100":"e","101":"n","102":"t","103":"s","104":"/","105":"O","106":"r","107":"g","108":"a","109":"n","110":"i","111":"s","112":"m","113":"s","114":"/","115":"G","116":"a","117":"l","118":"l","119":"e","120":"r","121":"y","122":"/","123":"G","124":"a","125":"l","126":"l","127":"e","128":"r","129":"y","130":".","131":"v","132":"u","133":"e","134":"\"","135":"]","136":",","137":"\"","138":"n","139":"a","140":"m","141":"e","142":"s","143":"\"","144":":","145":"[","146":"]","147":",","148":"\"","149":"m","150":"a","151":"p","152":"p","153":"i","154":"n","155":"g","156":"s","157":"\"","158":":","159":"\"","160":";","161":";","162":";","163":";","164":";","165":";","166":";","167":";","168":";","169":"A","170":"A","171":"s","172":"B","173":"A","174":";","175":"A","176":"A","177":"A","178":"A","179":";","180":"A","181":"A","182":"A","183":"A","184":";","185":"A","186":"A","187":"A","188":"u","189":"G","190":";","191":"A","192":"A","193":"A","194":"A","195":",","196":"e","197":"A","198":"E","199":"x","200":"F","201":";","202":"E","203":"A","204":"C","205":"b","206":",","207":"I","208":"A","209":"A","210":"I","211":",","212":"E","213":"A","214":"A","215":"E","216":",","217":"S","218":"A","219":"A","220":"S","221":";","222":"E","223":"A","224":"C","225":"f","226":",","227":"U","228":"A","229":"A","230":"U","231":",","232":"E","233":"A","234":"A","235":"E","236":";","237":"I","238":"A","239":"C","240":"V","241":",","242":"o","243":"B","244":"A","245":"A","246":"o","247":"B","248":";","249":"I","250":"A","251":"A","252":"p","253":"B","254":";","255":"I","256":"A","257":"A","258":"A","259":";","260":"I","261":"A","262":"A","263":"A","264":";","265":"I","266":"A","267":"A","268":"A","269":";","270":"E","271":"A","272":"C","273":"F","274":",","275":"C","276":"A","277":"A","278":"C","279":";","280":"E","281":"A","282":"C","283":"D","284":",","285":"K","286":"A","287":"A","288":"K","289":",","290":"E","291":"A","292":"A","293":"E","294":";","295":"I","296":"A","297":"C","298":"L","299":",","300":"S","301":"A","302":"A","303":"S","304":",","305":"E","306":"A","307":"A","308":"E","309":";","310":"M","311":"A","312":"C","313":"T","314":",","315":"I","316":"A","317":"A","318":"I","319":",","320":"E","321":"A","322":"A","323":"E","324":",","325":"K","326":"A","327":"A","328":"K","329":";","330":"M","331":"A","332":"C","333":"X","334":",","335":"O","336":"A","337":"A","338":"O","339":",","340":"E","341":"A","342":"A","343":"E","344":",","345":"M","346":"A","347":"A","348":"O","349":";","350":"I","351":"A","352":"C","353":"l","354":"B","355":";","356":"E","357":"A","358":"C","359":"F","360":",","361":"C","362":"A","363":"A","364":"C","365":";","366":"E","367":"A","368":"C","369":"D","370":",","371":"O","372":"A","373":"A","374":"O","375":",","376":"E","377":"A","378":"A","379":"E","380":";","381":"I","382":"A","383":"C","384":"P","385":";","386":";","387":";","388":"I","389":"A","390":"G","391":"A","392":",","393":"e","394":"A","395":"A","396":"e","397":",","398":"C","399":"A","400":"A","401":"E","402":",","403":"E","404":"A","405":"A","406":"E","407":",","408":"E","409":"A","410":"A","411":"E","412":";","413":"M","414":"A","415":"C","416":"n","417":"B","418":",","419":"I","420":"A","421":"A","422":"I","423":",","424":"C","425":"A","426":"A","427":"C","428":",","429":"O","430":"A","431":"A","432":"O","433":",","434":"C","435":"A","436":"A","437":"C","438":",","439":"I","440":"A","441":"A","442":"I","443":",","444":"C","445":"A","446":"A","447":"E","448":",","449":"g","450":"B","451":"A","452":"A","453":"e","454":",","455":"E","456":"A","457":"A","458":"G","459":",","460":"E","461":"A","462":"A","463":"C","464":",","465":"C","466":"A","467":"A","468":"C","469":";","470":"I","471":"A","472":"C","473":"z","474":"C","475":";","476":"E","477":"A","478":"C","479":"F","480":",","481":"C","482":"A","483":"A","484":"C","485":";","486":"E","487":"A","488":"C","489":"D","490":",","491":"I","492":"A","493":"A","494":"I","495":",","496":"E","497":"A","498":"A","499":"E","500":",","501":"Y","502":"A","503":"A","504":"Y","505":";","506":"I","507":"A","508":"C","509":"h","510":"B","511":",","512":"O","513":"A","514":"A","515":"O","516":";","517":"M","518":"A","519":"C","520":"L","521":",","522":"Q","523":"A","524":"A","525":"Q","526":",","527":"E","528":"A","529":"A","530":"E","531":";","532":"I","533":"A","534":"C","535":"Z","536":",","537":"C","538":"A","539":"A","540":"C","541":";","542":"E","543":"A","544":"C","545":"H","546":";","547":"A","548":"A","549":"C","5
[...]
513":"\\","1514":"n","1515":"\\","1516":"n","1517":"i","1518":"m","1519":"p","1520":"o","1521":"r","1522":"t","1523":" ","1524":"N","1525":"o","1526":"P","1527":"h","1528":"o","1529":"n","1530":"e","1531":"F","1532":"e","1533":"e","1534":"d","1535":"A","1536":"v","1537":"a","1538":"i","1539":"l","1540":"a","1541":"b","1542":"l","1543":"e","1544":" ","1545":"f","1546":"r","1547":"o","1548":"m","1549":" ","1550":"'","1551":"@","1552":"/","1553":"c","1554":"o","1555":"m","1556":"p","1557":"o","1558":"n","1559":"e","1560":"n","1561":"t","1562":"s","1563":"/","1564":"M","1565":"o","1566":"l","1567":"e","1568":"c","1569":"u","1570":"l","1571":"e","1572":"s","1573":"/","1574":"N","1575":"o","1576":"P","1577":"h","1578":"o","1579":"n","1580":"e","1581":"F","1582":"e","1583":"e","1584":"d","1585":"A","1586":"v","1587":"a","1588":"i","1589":"l","1590":"a","1591":"b","1592":"l","1593":"e","1594":"/","1595":"N","1596":"o","1597":"P","1598":"h","1599":"o","1600":"n","1601":"e","1602":"F","1603":"e","1604":"e","1605":"d","1606":"A","1607":"v","1608":"a","1609":"i","1610":"l","1611":"a","1612":"b","1613":"l","1614":"e","1615":".","1616":"v","1617":"u","1618":"e","1619":"'","1620":"\\","1621":"n","1622":"\\","1623":"n","1624":"e","1625":"x","1626":"p","1627":"o","1628":"r","1629":"t","1630":" ","1631":"d","1632":"e","1633":"f","1634":"a","1635":"u","1636":"l","1637":"t","1638":" ","1639":"{","1640":"\\","1641":"n","1642":" ","1643":" ","1644":"n","1645":"a","1646":"m","1647":"e","1648":":","1649":" ","1650":"'","1651":"G","1652":"a","1653":"l","1654":"l","1655":"e","1656":"r","1657":"y","1658":"'","1659":",","1660":"\\","1661":"n","1662":" ","1663":" ","1664":"c","1665":"o","1666":"m","1667":"p","1668":"o","1669":"n","1670":"e","1671":"n","1672":"t","1673":"s","1674":":","1675":" ","1676":"{","1677":"\\","1678":"n","1679":" ","1680":" ","1681":" ","1682":" ","1683":"N","1684":"o","1685":"P","1686":"h","1687":"o","1688":"n","1689":"e","1690":"F","1691":"e","1692":"e","1693":"d","1694":"A","1695":"v","1696":"a","1697":"i","1698":"l","1699":"a","1700":"b","1701":"l","1702":"e","1703":"\\","1704":"n","1705":" ","1706":" ","1707":"}","1708":",","1709":"\\","1710":"n","1711":" ","1712":" ","1713":"p","1714":"r","1715":"o","1716":"p","1717":"s","1718":":","1719":" ","1720":"{","1721":"\\","1722":"n","1723":" ","1724":" ","1725":" ","1726":" ","1727":"p","1728":"h","1729":"o","1730":"n","1731":"e","1732":"F","1733":"e","1734":"e","1735":"d","1736":":","1737":" ","1738":"{","1739":"\\","1740":"n","1741":" ","1742":" ","1743":" ","1744":" ","1745":" ","1746":" ","1747":"t","1748":"y","1749":"p","1750":"e","1751":":","1752":" ","1753":"A","1754":"r","1755":"r","1756":"a","1757":"y","1758":",","1759":"\\","1760":"n","1761":" ","1762":" ","1763":" ","1764":" ","1765":" ","1766":" ","1767":"d","1768":"e","1769":"f","1770":"a","1771":"u","1772":"l","1773":"t","1774":":","1775":" ","1776":"(","1777":")","1778":" ","1779":"=","1780":">","1781":" ","1782":"(","1783":"[","1784":"]","1785":")","1786":"\\","1787":"n","1788":" ","1789":" ","1790":" ","1791":" ","1792":"}","1793":"\\","1794":"n","1795":" ","1796":" ","1797":"}","1798":",","1799":"\\","1800":"n","1801":" ","1802":" ","1803":"m","1804":"e","1805":"t","1806":"h","1807":"o","1808":"d","1809":"s","1810":":","1811":" ","1812":"{","1813":"\\","1814":"n","1815":" ","1816":" ","1817":" ","1818":" ","1819":"/","1820":"*","1821":"*","1822":"\\","1823":"n","1824":" ","1825":" ","1826":" ","1827":" ","1828":" ","1829":"*","1830":" ","1831":"A","1832":" ","1833":"f","1834":"u","1835":"n","1836":"c","1837":"t","1838":"i","1839":"o","1840":"n","1841":" ","1842":"t","1843":"o","1844":" ","1845":"r","1846":"o","1847":"u","1848":"t","1849":"e","1850":" ","1851":"t","1852":"h","1853":"e","1854":" ","1855":"u","1856":"s","1857":"e","1858":"r","1859":" ","1860":"t","1861":"o","1862":" ","1863":"s","1864":"h","1865":"o","1866":"w","1867":" ","1868":"r","1869":"o","1870":"u","1871":"t","1872":"e","1873":" ","1874":"b","1875":"y","1876":" ","1877":"p","1878":"a","1879":"s","1880":"s","1881":"i","1882":"n","1883":"g","1884":" ","1885":"i","1886":"d","1887":" ","1888":"t","1889":"o","1890":" ","1891":"t","1892":"h","1893":"e","1894":" ","1895":"u","1896":"r","1897":"l","1898":"\\","1899":"n","1900":" ","1901":" ","1902":" ","1903":" ","1904":" ","1905":"*","1906":"/","1907":"\\","1908":"n","1909":" ","1910":" ","1911":" ","1912":" ","1913":"o","1914":"n","1915":"S","1916":"h","1917":"o","1918":"w","1919":"S","1920":"e","1921":"l","1922":"e","1923":"c","1924":"t","1925":"i","1926":"o","1927":"n","1928":" ","1929":"(","1930":"i","1931":"d","1932":")","1933":" ","1934":"{","1935":"\\","1936":"n","1937":" ","1938":" ","1939":" ","1940":" ","1941":" ","1942":" ","1943":"t","1944":"h","1945":"i","1946":"s","1947":".","1948":"$","1949":"r","1950":"o","1951":"u","1952":"t","1953":"e","1954":"r","1955":".","1956":"p","1957":"u","1958":"s","1959":"h","1960":"(","1961":"`","1962":"/","1963":"i","1964":"n","1965":"f","1966":"o","1967":"r","1968":"m","1969":"a","1970":"t","1971":"i","1972":"o","1973":"n","1974":"/","1975":"$","1976":"{","1977":"i","1978":"d","1979":"}","1980":"`","1981":")","1982":"\\","1983":"n","1984":" ","1985":" ","1986":" ","1987":" ","1988":"}","1989":"\\","1990":"n","1991":" ","1992":" ","1993":"}","1994":",","1995":"\\","1996":"n","1997":" ","1998":" ","1999":"d","2000":"a","2001":"t","2002":"a","2003":":","2004":" ","2005":"f","2006":"u","2007":"n","2008":"c","2009":"t","2010":"i","2011":"o","2012":"n","2013":" ","2014":"(","2015":")","2016":" ","2017":"{","2018":"\\","2019":"n","2020":" ","2021":" ","2022":" ","2023":" ","2024":"r","2025":"e","2026":"t","2027":"u","2028":"r","2029":"n","2030":" ","2031":"{","2032":"\\","2033":"n","2034":" ","2035":" ","2036":" ","2037":" ","2038":" ","2039":" ","2040":"i","2041":"m","2042":"a","2043":"g","2044":"e","2045":"U","2046":"r","2047":"l","2048":":","2049":" ","2050":"'","2051":"h","2052":"t","2053":"t","2054":"p","2055":"s","2056":":","2057":"/","2058":"/","2059":"w","2060":"w","2061":"w","2062":".","2063":"k","2064":"p","2065":"n","2066":".","2067":"c","2068":"o","2069":"m","2070":"/","2071":"s","2072":"h","2073":"o","2074":"p","2075":"/","2076":"c","2077":"d","2078":"n","2079":"/","2080":"p","2081":"r","2082":"o","2083":"d","2084":"u","2085":"c","2086":"t","2087":"s","2088":"/","2089":"_","2090":"/","2091":"p","2092":"r","2093":"o","2094":"d","2095":"u","2096":"c","2097":"t","2098":"_","2099":"6","2100":"2","2101":"4","2102":"3","2103":"6","2104":"2","2105":"7","2106":"_","2107":"m","2108":"a","2109":"i","2110":"n","2111":".","2112":"w","2113":"e","2114":"b","2115":"p","2116":"'","2117":"\\","2118":"n","2119":" ","2120":" ","2121":" ","2122":" ","2123":"}","2124":"\\","2125":"n","2126":" ","2127":" ","2128":"}","2129":"\\","2130":"n","2131":"}","2132":"\\","2133":"n","2134":"<","2135":"/","2136":"s","2137":"c","2138":"r","2139":"i","2140":"p","2141":"t","2142":">","2143":"\\","2144":"n","2145":"\\","2146":"n","2147":"<","2148":"s","2149":"t","2150":"y","2151":"l","2152":"e","2153":" ","2154":"s","2155":"c","2156":"o","2157":"p","2158":"e","2159":"d","2160":">","2161":"\\","2162":"n","2163":"\\","2164":"n","2165":".","2166":"c","2167":"o","2168":"n","2169":"t","2170":"a","2171":"i","2172":"n","2173":"e","2174":"r","2175":" ","2176":"{","2177":"\\","2178":"n","2179":" ","2180":" ","2181":" ","2182":" ","2183":"f","2184":"l","2185":"o","2186":"a","2187":"t","2188":":","2189":" ","2190":"l","2191":"e","2192":"f","2193":"t","2194":";","2195":"\\","2196":"n","2197":" ","2198":" ","2199":" ","2200":" ","2201":"w","2202":"i","2203":"d","2204":"t","2205":"h","2206":":","2207":" ","2208":"3","2209":"0","2210":"%","2211":";","2212":"\\","2213":"n","2214":" ","2215":" ","2216":" ","2217":" ","2218":"c","2219":"u","2220":"r","2221":"s","2222":"o","2223":"r","2224":":","2225":" ","2226":"p","2227":"o","2228":"i","2229":"n","2230":"t","2231":"e","2232":"r","2233":";","2234":"\\","2235":"n","2236":" ","2237":" ","2238":" ","2239":" ","2240":"m","2241":"a","2242":"r","2243":"g","2244":"i","2245":"n","2246":":","2247":" ","2248":"1","2249":"0","2250":"p","2251":"x","2252":";","2253":"\\","2254":"n","2255":" ","2256":" ","2257":" ","2258":" ","2259":"b","2260":"o","2261":"r","2262":"d","2263":"e","2264":"r","2265":"-","2266":"r","2267":"a","2268":"d","2269":"i","2270":"u","2271":"s","2272":":","2273":" ","2274":"2","2275":"5","2276":"p","2277":"x","2278":";","2279":"\\","2280":"n","2281":" ","2282":" ","2283":" ","2284":" ","2285":"b","2286":"a","2287":"c","2288":"k","2289":"g","2290":"r","2291":"o","2292":"u","2293":"n","2294":"d","2295":":","2296":" ","2297":"#","2298":"f","2299":"f","2300":"f","2301":"f","2302":";","2303":"\\","2304":"n","2305":"}","2306":"\\","2307":"n","2308":"\\","2309":"n","2310":".","2311":"w","2312":"r","2313":"a","2314":"p","2315":"p","2316":"e","2317":"r","2318":":","2319":"a","2320":"f","2321":"t","2322":"e","2323":"r","2324":" ","2325":"{","2326":"\\","2327":"n","2328":" ","2329":" ","2330":" ","2331":" ","2332":"c","2333":"o","2334":"n","2335":"t","2336":"e","2337":"n","2338":"t","2339":":","2340":" ","2341":"\\","2342":"\"","2343":"\\","2344":"\"","2345":";","2346":"\\","2347":"n","2348":" ","2349":" ","2350":" ","2351":" ","2352":"d","2353":"i","2354":"s","2355":"p","2356":"l","2357":"a","2358":"y","2359":":","2360":" ","2361":"t","2362":"a","2363":"b","2364":"l","2365":"e","2366":";","2367":"\\","2368":"n","2369":" ","2370":" ","2371":" ","2372":" ","2373":"c","2374":"l","2375":"e","2376":"a","2377":"r","2378":":","2379":" ","2380":"b","2381":"o","2382":"t","2383":"h","2384":";","2385":"\\","2386":"n","2387":"}","2388":"\\","2389":"n","2390":"\\","2391":"n","2392":".","2393":"c","2394":"o","2395":"n","2396":"t","2397":"e","2398":"n","2399":"t","2400":" ","2401":"{","2402":"\\","2403":"n","2404":" ","2405":" ","2406":" ","2407":" ","2408":"p","2409":"a","2410":"d","2411":"d","2412":"i","2413":"n","2414":"g","2415":"-","2416":"t","2417":"o","2418":"p","2419":":","2420":" ","2421":"1","2422":"0","2423":"p","2424":"x","2425":";","2426":";","2427":"\\","2428":"n","2429":" ","2430":" ","2431":" ","2432":" ","2433":"t","2434":"e","2435":"x","2436":"t","2437":"-","2438":"a","2439":"l","2440":"i","2441":"g","2442":"n","2443":":","2444":" ","2445":"c","2446":"e","2447":"n","2448":"t","2449":"e","2450":"r","2451":";","2452":"\\","2453":"n","2454":"}","2455":"\\","2456":"n","2457":"\\","2458":"n","2459":"i","2460":"m","2461":"g","2462":" ","2463":"{","2464":"\\","2465":"n","2466":" ","2467":" ","2468":" ","2469":" ","2470":"m","2471":"a","2472":"x","2473":"-","2474":"w","2475":"i","2476":"d","2477":"t","2478":"h","2479":":","2480":" ","2481":"2","2482":"0","2483":"0","2484":"p","2485":"x","2486":";","2487":"\\","2488":"n","2489":" ","2490":" ","2491":" ","2492":" ","2493":"m","2494":"a","2495":"x","2496":"-","2497":"h","2498":"e","2499":"i","2500":"g","2501":"h","2502":"t","2503":":","2504":" ","2505":"2","2506":"0","2507":"0","2508":"p","2509":"x","2510":";","2511":"\\","2512":"n","2513":"}","2514":"\\","2515":"n","2516":"\\","2517":"n","2518":".","2519":"h","2520":"e","2521":"a","2522":"d","2523":"i","2524":"n","2525":"g","2526":"-","2527":"w","2528":"r","2529":"a","2530":"p","2531":"p","2532":"e","2533":"r","2534":" ","2535":"{","2536":"\\","2537":"n","2538":" ","2539":" ","2540":" ","2541":" ","2542":"m","2543":"a","2544":"r","2545":"g","2546":"i","2547":"n","2548":"-","2549":"t","2550":"o","2551":"p","2552":":","2553":" ","2554":"2","2555":"0","2556":"p","2557":"x","2558":";","2559":"\\","2560":"n","2561":" ","2562":" ","2563":" ","2564":" ","2565":"m","2566":"a","2567":"r","2568":"g","2569":"i","2570":"n","2571":"-","2572":"l","2573":"e","2574":"f","2575":"t","2576":":","2577":" ","2578":"4","2579":"0","2580":"p","2581":"x","2582":";","2583":"\\","2584":"n","2585":" ","2586":" ","2587":" ","2588":" ","2589":"f","2590":"o","2591":"n","2592":"t","2593":"-","2594":"w","2595":"e","2596":"i","2597":"g","2598":"h","2599":"t","2600":":","2601":" ","2602":"b","2603":"o","2604":"l","2605":"d","2606":";","2607":"\\","2608":"n","2609":" ","2610":" ","2611":" ","2612":" ","2613":"f","2614":"o","2615":"n","2616":"t","2617":"-","2618":"s","2619":"i","2620":"z","2621":"e","2622":":","2623":" ","2624":"1","2625":"4","2626":"p","2627":"x","2628":";","2629":"\\","2630":"n","2631":"}","2632":"\\","2633":"n","2634":"\\","2635":"n","2636":".","2637":"m","2638":"a","2639":"n","2640":"u","2641":"f","2642":"a","2643":"c","2644":"t","2645":"u","2646":"r","2647":"e","2648":"r","2649":" ","2650":"{","2651":"\\","2652":"n","2653":" ","2654":" ","2655":" ","2656":" ","2657":"m","2658":"a","2659":"r","2660":"g","2661":"i","2662":"n","2663":"-","2664":"t","2665":"o","2666":"p","2667":":","2668":" ","2669":"1","2670":"0","2671":"p","2672":"x","2673":";","2674":"\\","2675":"n","2676":" ","2677":" ","2678":" ","2679":" ","2680":"f","2681":"o","2682":"n","2683":"t","2684":"-","2685":"w","2686":"e","2687":"i","2688":"g","2689":"h","2690":"t","2691":":","2692":" ","2693":"b","2694":"o","2695":"l","2696":"d","2697":";","2698":"\\","2699":"n","2700":" ","2701":" ","2702":" ","2703":" ","2704":"f","2705":"o","2706":"n","2707":"t","2708":"-","2709":"s","2710":"i","2711":"z","2712":"e","2713":":","2714":" ","2715":"1","2716":"4","2717":"p","2718":"x","2719":";","2720":"\\","2721":"n","2722":" ","2723":" ","2724":" ","2725":" ","2726":"t","2727":"e","2728":"x","2729":"t","2730":"-","2731":"a","2732":"l","2733":"i","2734":"g","2735":"n","2736":":","2737":" ","2738":"l","2739":"e","2740":"f","2741":"t","2742":";","2743":"\\","2744":"n","2745":" ","2746":" ","2747":" ","2748":" ","2749":"p","2750":"a","2751":"d","2752":"d","2753":"i","2754":"n","2755":"g","2756":"-","2757":"l","2758":"e","2759":"f","2760":"t","2761":":","2762":" ","2763":"1","2764":"5","2765":"p","2766":"x","2767":";","2768":"\\","2769":"n","2770":"}","2771":"\\","2772":"n","2773":"\\","2774":"n","2775":".","2776":"n","2777":"a","2778":"m","2779":"e","2780":" ","2781":"{","2782":"\\","2783":"n","2784":" ","2785":" ","2786":" ","2787":" ","2788":"f","2789":"o","2790":"n","2791":"t","2792":"-","2793":"s","2794":"i","2795":"z","2796":"e","2797":":","2798":" ","2799":"2","2800":"1","2801":"p","2802":"x","2803":";","2804":"\\","2805":"n","2806":" ","2807":" ","2808":" ","2809":" ","2810":"l","2811":"i","2812":"n","2813":"e","2814":"-","2815":"h","2816":"e","2817":"i","2818":"g","2819":"h","2820":"t","2821":":","2822":" ","2823":"2","2824":"5","2825":"p","2826":"x","2827":";","2828":";","2829":"\\","2830":"n","2831":" ","2832":" ","2833":" ","2834":" ","2835":"t","2836":"e","2837":"x","2838":"t","2839":"-","2840":"a","2841":"l","2842":"i","2843":"g","2844":"n","2845":":","2846":" ","2847":"l","2848":"e","2849":"f","2850":"t","2851":";","2852":"\\","2853":"n","2854":" ","2855":" ","2856":" ","2857":" ","2858":"m","2859":"a","2860":"x","2861":"-","2862":"w","2863":"i","2864":"d","2865":"t","2866":"h","2867":":","2868":" ","2869":"2","2870":"5","2871":"0","2872":"p","2873":"x","2874":";","2875":"\\","2876":"n","2877":" ","2878":" ","2879":" ","2880":" ","2881":"p","2882":"a","2883":"d","2884":"d","2885":"i","2886":"n","2887":"g","2888":":","2889":" ","2890":"1","2891":"5","2892":"p","2893":"x","2894":";","2895":"\\","2896":"n","2897":" ","2898":" ","2899":" ","2900":" ","2901":"f","2902":"o","2903":"n","2904":"t","2905":"-","2906":"w","2907":"e","2908":"i","2909":"g","2910":"h","2911":"t","2912":":","2913":" ","2914":"b","2915":"o","2916":"l","2917":"d","2918":";","2919":"\\","2920":"n","2921":"}","2922":"\\","2923":"n","2924":"\\","2925":"n","2926":"@","2927":"m","2928":"e","2929":"d","2930":"i","2931":"a","2932":" ","2933":"s","2934":"c","2935":"r","2936":"e","2937":"e","2938":"n","2939":" ","2940":"a","2941":"n","2942":"d","2943":" ","2944":"(","2945":"m","2946":"a","2947":"x","2948":"-","2949":"w","2950":"i","2951":"d","2952":"t","2953":"h","2954":":","2955":" ","2956":"9","2957":"6","2958":"1","2959":"p","2960":"x","2961":")","2962":" ","2963":"{","2964":"\\","2965":"n","2966":" ","2967":" ","2968":" ","2969":" ","2970":".","2971":"w","2972":"r","2973":"a","2974":"p","2975":"p","2976":"e","2977":"r","2978":" ","2979":"{","2980":"\\","2981":"n","2982":" ","2983":" ","2984":" ","2985":" ","2986":" ","2987":" ","2988":" ","2989":" ","2990":"m","2991":"a","2992":"r","2993":"g","2994":"i","2995":"n","2996":":","2997":" ","2998":"0","2999":" ","3000":"a","3001":"u","3002":"t","3003":"o","3004":";","3005":"\\","3006":"n","3007":" ","3008":" ","3009":" ","3010":" ","3011":"}","3012":"\\","3013":"n","3014":" ","3015":" ","3016":" ","3017":" ","3018":".","3019":"c","3020":"o","3021":"n","3022":"t","3023":"a","3024":"i","3025":"n","3026":"e","3027":"r","3028":" ","3029":"{","3030":"\\","3031":"n","3032":" ","3033":" ","3034":" ","3035":" ","3036":" ","3037":" ","3038":" ","3039":" ","3040":"f","3041":"l","3042":"o","3043":"a","3044":"t","3045":":","3046":" ","3047":"l","3048":"e","3049":"f","3050":"t","3051":";","3052":"\\","3053":"n","3054":" ","3055":" ","3056":" ","3057":" ","3058":" ","3059":" ","3060":" ","3061":" ","3062":"w","3063":"i","3064":"d","3065":"t","3066":"h","3067":":","3068":" ","3069":"3","3070":"0","3071":"%","3072":";","3073":"\\","3074":"n","3075":" ","3076":" ","3077":" ","3078":" ","3079":" ","3080":" ","3081":" ","3082":" ","3083":"c","3084":"u","3085":"r","3086":"s","3087":"o","3088":"r","3089":":","3090":" ","3091":"p","3092":"o","3093":"i","3094":"n","3095":"t","3096":"e","3097":"r","3098":";","3099":"\\","3100":"n","3101":" ","3102":" ","3103":" ","3104":" ","3105":"}","3106":"\\","3107":"n","3108":"}","3109":"\\","3110":"n","3111":"\\","3112":"n","3113":"@","3114":"m","3115":"e","3116":"d","3117":"i","3118":"a","3119":" ","3120":"s","3121":"c","3122":"r","3123":"e","3124":"e","3125":"n","3126":" ","3127":"a","3128":"n","3129":"d","3130":" ","3131":"(","3132":"m","3133":"a","3134":"x","3135":"-","3136":"w","3137":"i","3138":"d","3139":"t","3140":"h","3141":":","3142":" ","3143":"6","3144":"4","3145":"1","3146":"p","3147":"x","3148":")","3149":" ","3150":"{","3151":"\\","3152":"n","3153":" ","3154":" ","3155":" ","3156":" ","3157":".","3158":"w","3159":"r","3160":"a","3161":"p","3162":"p","3163":"e","3164":"r","3165":" ","3166":"{","3167":"\\","3168":"n","3169":" ","3170":" ","3171":" ","3172":" ","3173":" ","3174":" ","3175":" ","3176":" ","3177":"m","3178":"a","3179":"r","3180":"g","3181":"i","3182":"n","3183":":","3184":" ","3185":"0","3186":" ","3187":"a","3188":"u","3189":"t","3190":"o","3191":";","3192":"\\","3193":"n","3194":" ","3195":" ","3196":" ","3197":" ","3198":"}","3199":"\\","3200":"n","3201":" ","3202":" ","3203":" ","3204":" ","3205":".","3206":"c","3207":"o","3208":"n","3209":"t","3210":"a","3211":"i","3212":"n","3213":"e","3214":"r","3215":" ","3216":"{","3217":"\\","3218":"n","3219":" ","3220":" ","3221":" ","3222":" ","3223":" ","3224":" ","3225":" ","3226":" ","3227":"f","3228":"l","3229":"o","3230":"a","3231":"t","3232":":","3233":" ","3234":"l","3235":"e","3236":"f","3237":"t","3238":";","3239":"\\","3240":"n","3241":" ","3242":" ","3243":" ","3244":" ","3245":" ","3246":" ","3247":" ","3248":" ","3249":"w","3250":"i","3251":"d","3252":"t","3253":"h","3254":":","3255":" ","3256":"4","3257":"3","3258":"%","3259":";","3260":"\\","3261":"n","3262":" ","3263":" ","3264":" ","3265":" ","3266":" ","3267":" ","3268":" ","3269":" ","3270":"c","3271":"u","3272":"r","3273":"s","3274":"o","3275":"r","3276":":","3277":" ","3278":"p","3279":"o","3280":"i","3281":"n","3282":"t","3283":"e","3284":"r","3285":";","3286":"\\","3287":"n","3288":" ","3289":" ","3290":" ","3291":" ","3292":"}","3293":"\\","3294":"n","3295":"}","3296":"\\","3297":"n","3298":"<","3299":"/","3300":"s","3301":"t","3302":"y","3303":"l","3304":"e","3305":">","3306":"\\","3307":"n","3308":"\"","3309":"]","3310":"}"},"_coverageSchema":"1a1c01bbd47fc00a2c39e90264f33305004495a9","hash":"1be50933f420c883d3cf7b6ade98e115c7ef4a46"}
}
