TN:
SF:src/components/Atoms/Heading/Heading.vue
FN:11,(anonymous_0)
FN:12,(anonymous_1)
FN:22,(anonymous_2)
FN:34,render
FNF:4
FNH:1
FNDA:0,(anonymous_0)
FNDA:0,(anonymous_1)
FNDA:0,(anonymous_2)
FNDA:1,render
DA:4,1
DA:7,1
DA:8,1
DA:12,0
DA:23,0
DA:29,1
DA:30,1
DA:31,1
DA:32,1
DA:33,1
DA:35,1
DA:37,1
DA:38,1
LF:13
LH:11
BRF:0
BRH:0
end_of_record
TN:
SF:src/components/Atoms/Notification/Notification.vue
FN:11,(anonymous_0)
FN:12,(anonymous_1)
FN:16,(anonymous_2)
FN:28,render
FNF:4
FNH:1
FNDA:0,(anonymous_0)
FNDA:0,(anonymous_1)
FNDA:0,(anonymous_2)
FNDA:1,render
DA:4,1
DA:7,1
DA:8,1
DA:12,0
DA:17,0
DA:23,1
DA:24,1
DA:25,1
DA:26,1
DA:27,1
DA:29,1
DA:31,1
DA:32,1
LF:13
LH:11
BRF:0
BRH:0
end_of_record
TN:
SF:src/components/Molecules/CustomFilter/CustomFilter.vue
FN:13,(anonymous_0)
FN:24,(anonymous_1)
FN:33,(anonymous_2)
FN:52,render
FN:56,(anonymous_4)
FN:58,(anonymous_5)
FNF:6
FNH:4
FNDA:1,(anonymous_0)
FNDA:2,(anonymous_1)
FNDA:0,(anonymous_2)
FNDA:2,render
FNDA:2,(anonymous_4)
FNDA:0,(anonymous_5)
DA:4,1
DA:7,1
DA:8,1
DA:13,1
DA:25,2
DA:35,0
DA:36,0
DA:38,0
DA:44,1
DA:45,1
DA:46,1
DA:47,1
DA:48,1
DA:49,1
DA:50,1
DA:51,1
DA:53,2
DA:57,2
DA:58,0
DA:66,1
DA:67,1
LF:21
LH:17
BRDA:33,0,0,0
BRDA:35,1,0,0
BRDA:35,1,1,0
BRDA:35,2,0,0
BRDA:35,2,1,0
BRF:5
BRH:0
end_of_record
TN:
SF:src/components/Molecules/NoPhoneFeedAvailable/NoPhoneFeedAvailable.vue
FN:17,render
FNF:1
FNH:0
FNDA:0,render
DA:4,1
DA:7,1
DA:8,1
DA:13,1
DA:14,1
DA:15,1
DA:16,1
DA:18,0
DA:20,1
DA:21,1
LF:10
LH:9
BRF:0
BRH:0
end_of_record
TN:
SF:src/components/Organisms/Gallery/Gallery.vue
FN:56,render
FN:60,(anonymous_1)
FN:67,(anonymous_2)
FNF:3
FNH:2
FNDA:1,render
FNDA:1,(anonymous_1)
FNDA:0,(anonymous_2)
DA:4,1
DA:5,1
DA:8,1
DA:9,1
DA:45,1
DA:46,1
DA:47,1
DA:48,1
DA:49,1
DA:50,1
DA:51,1
DA:52,1
DA:53,1
DA:54,1
DA:55,1
DA:57,1
DA:58,1
DA:61,1
DA:67,0
DA:85,1
DA:86,1
LF:21
LH:20
BRDA:70,0,0,1
BRDA:70,0,1,1
BRDA:78,1,0,0
BRDA:78,1,1,1
BRF:4
BRH:3
end_of_record
